{"/home/juanjo/TFG_USECASES_VC/seguridad-social-web/backend/logger.js": {"path":"/home/juanjo/TFG_USECASES_VC/seguridad-social-web/backend/logger.js","statementMap":{"0":{"start":{"line":2,"column":45},"end":{"line":2,"column":63}},"1":{"start":{"line":3,"column":49},"end":{"line":3,"column":55}},"2":{"start":{"line":5,"column":21},"end":{"line":7,"column":2}},"3":{"start":{"line":6,"column":4},"end":{"line":6,"column":127}},"4":{"start":{"line":9,"column":15},"end":{"line":19,"column":2}},"5":{"start":{"line":21,"column":0},"end":{"line":21,"column":24}}},"fnMap":{"0":{"name":"(anonymous_0)","decl":{"start":{"line":5,"column":28},"end":{"line":5,"column":29}},"loc":{"start":{"line":5,"column":72},"end":{"line":7,"column":1}},"line":5}},"branchMap":{"0":{"loc":{"start":{"line":6,"column":63},"end":{"line":6,"column":124}},"type":"cond-expr","locations":[{"start":{"line":6,"column":90},"end":{"line":6,"column":119}},{"start":{"line":6,"column":122},"end":{"line":6,"column":124}}],"line":6}},"s":{"0":87,"1":87,"2":87,"3":219,"4":87,"5":87},"f":{"0":219},"b":{"0":[13,206]},"_coverageSchema":"1a1c01bbd47fc00a2c39e90264f33305004495a9","hash":"ab29bb5119b0a92fa8a7a4bb8320cd1ca7615208"}
,"/home/juanjo/TFG_USECASES_VC/seguridad-social-web/backend/src/config/db.js": {"path":"/home/juanjo/TFG_USECASES_VC/seguridad-social-web/backend/src/config/db.js","statementMap":{"0":{"start":{"line":1,"column":17},"end":{"line":1,"column":36}},"1":{"start":{"line":2,"column":15},"end":{"line":2,"column":38}},"2":{"start":{"line":5,"column":2},"end":{"line":11,"column":3}},"3":{"start":{"line":6,"column":4},"end":{"line":6,"column":50}},"4":{"start":{"line":7,"column":4},"end":{"line":7,"column":39}},"5":{"start":{"line":9,"column":4},"end":{"line":9,"column":53}},"6":{"start":{"line":10,"column":4},"end":{"line":10,"column":20}},"7":{"start":{"line":14,"column":0},"end":{"line":14,"column":31}}},"fnMap":{"0":{"name":"connectDB","decl":{"start":{"line":4,"column":15},"end":{"line":4,"column":24}},"loc":{"start":{"line":4,"column":27},"end":{"line":12,"column":1}},"line":4}},"branchMap":{},"s":{"0":1,"1":1,"2":2,"3":2,"4":1,"5":1,"6":1,"7":1},"f":{"0":2},"b":{},"_coverageSchema":"1a1c01bbd47fc00a2c39e90264f33305004495a9","hash":"1753e47ddffc6faea848ef200c3bf141e4c21550"}
,"/home/juanjo/TFG_USECASES_VC/seguridad-social-web/backend/src/config/redis.js": {"path":"/home/juanjo/TFG_USECASES_VC/seguridad-social-web/backend/src/config/redis.js","statementMap":{"0":{"start":{"line":2,"column":15},"end":{"line":2,"column":38}},"1":{"start":{"line":9,"column":18},"end":{"line":9,"column":49}},"2":{"start":{"line":12,"column":19},"end":{"line":12,"column":34}},"3":{"start":{"line":14,"column":0},"end":{"line":38,"column":1}},"4":{"start":{"line":16,"column":20},"end":{"line":16,"column":43}},"5":{"start":{"line":17,"column":2},"end":{"line":17,"column":32}},"6":{"start":{"line":18,"column":2},"end":{"line":18,"column":64}},"7":{"start":{"line":21,"column":27},"end":{"line":21,"column":43}},"8":{"start":{"line":22,"column":2},"end":{"line":28,"column":5}},"9":{"start":{"line":30,"column":2},"end":{"line":30,"column":77}},"10":{"start":{"line":30,"column":35},"end":{"line":30,"column":75}},"11":{"start":{"line":32,"column":2},"end":{"line":37,"column":4}},"12":{"start":{"line":33,"column":4},"end":{"line":36,"column":5}},"13":{"start":{"line":34,"column":6},"end":{"line":34,"column":34}},"14":{"start":{"line":35,"column":6},"end":{"line":35,"column":39}},"15":{"start":{"line":40,"column":0},"end":{"line":40,"column":47}}},"fnMap":{"0":{"name":"(anonymous_0)","decl":{"start":{"line":12,"column":19},"end":{"line":12,"column":20}},"loc":{"start":{"line":12,"column":31},"end":{"line":12,"column":34}},"line":12},"1":{"name":"(anonymous_1)","decl":{"start":{"line":30,"column":26},"end":{"line":30,"column":27}},"loc":{"start":{"line":30,"column":35},"end":{"line":30,"column":75}},"line":30},"2":{"name":"(anonymous_2)","decl":{"start":{"line":32,"column":17},"end":{"line":32,"column":18}},"loc":{"start":{"line":32,"column":29},"end":{"line":37,"column":3}},"line":32}},"branchMap":{"0":{"loc":{"start":{"line":14,"column":0},"end":{"line":38,"column":1}},"type":"if","locations":[{"start":{"line":14,"column":0},"end":{"line":38,"column":1}},{"start":{"line":19,"column":7},"end":{"line":38,"column":1}}],"line":14},"1":{"loc":{"start":{"line":24,"column":12},"end":{"line":24,"column":49}},"type":"binary-expr","locations":[{"start":{"line":24,"column":12},"end":{"line":24,"column":34}},{"start":{"line":24,"column":38},"end":{"line":24,"column":49}}],"line":24},"2":{"loc":{"start":{"line":25,"column":12},"end":{"line":25,"column":80}},"type":"cond-expr","locations":[{"start":{"line":25,"column":37},"end":{"line":25,"column":73}},{"start":{"line":25,"column":76},"end":{"line":25,"column":80}}],"line":25},"3":{"loc":{"start":{"line":27,"column":14},"end":{"line":27,"column":75}},"type":"cond-expr","locations":[{"start":{"line":27,"column":37},"end":{"line":27,"column":71}},{"start":{"line":27,"column":74},"end":{"line":27,"column":75}}],"line":27},"4":{"loc":{"start":{"line":33,"column":4},"end":{"line":36,"column":5}},"type":"if","locations":[{"start":{"line":33,"column":4},"end":{"line":36,"column":5}},{"start":{},"end":{}}],"line":33}},"s":{"0":21,"1":21,"2":21,"3":21,"4":20,"5":20,"6":20,"7":1,"8":1,"9":1,"10":0,"11":1,"12":1,"13":1,"14":1,"15":21},"f":{"0":1,"1":0,"2":1},"b":{"0":[20,1],"1":[1,0],"2":[1,0],"3":[1,0],"4":[1,0]},"_coverageSchema":"1a1c01bbd47fc00a2c39e90264f33305004495a9","hash":"16d3d94ce2567fd1419b7d6c27ab04ba4b14ca91"}
,"/home/juanjo/TFG_USECASES_VC/seguridad-social-web/backend/src/controllers/authController.js": {"path":"/home/juanjo/TFG_USECASES_VC/seguridad-social-web/backend/src/controllers/authController.js","statementMap":{"0":{"start":{"line":2,"column":20},"end":{"line":2,"column":54}},"1":{"start":{"line":3,"column":15},"end":{"line":3,"column":38}},"2":{"start":{"line":5,"column":0},"end":{"line":59,"column":2}},"3":{"start":{"line":7,"column":4},"end":{"line":35,"column":5}},"4":{"start":{"line":8,"column":6},"end":{"line":8,"column":55}},"5":{"start":{"line":9,"column":34},"end":{"line":9,"column":42}},"6":{"start":{"line":10,"column":6},"end":{"line":15,"column":7}},"7":{"start":{"line":11,"column":8},"end":{"line":11,"column":64}},"8":{"start":{"line":12,"column":8},"end":{"line":14,"column":62}},"9":{"start":{"line":17,"column":21},"end":{"line":20,"column":7}},"10":{"start":{"line":21,"column":6},"end":{"line":23,"column":8}},"11":{"start":{"line":24,"column":6},"end":{"line":24,"column":42}},"12":{"start":{"line":26,"column":6},"end":{"line":26,"column":76}},"13":{"start":{"line":29,"column":6},"end":{"line":31,"column":7}},"14":{"start":{"line":30,"column":8},"end":{"line":30,"column":71}},"15":{"start":{"line":34,"column":6},"end":{"line":34,"column":18}},"16":{"start":{"line":39,"column":4},"end":{"line":57,"column":5}},"17":{"start":{"line":40,"column":6},"end":{"line":40,"column":61}},"18":{"start":{"line":41,"column":31},"end":{"line":41,"column":39}},"19":{"start":{"line":42,"column":6},"end":{"line":45,"column":7}},"20":{"start":{"line":43,"column":8},"end":{"line":43,"column":72}},"21":{"start":{"line":44,"column":8},"end":{"line":44,"column":76}},"22":{"start":{"line":47,"column":21},"end":{"line":47,"column":66}},"23":{"start":{"line":48,"column":6},"end":{"line":48,"column":42}},"24":{"start":{"line":50,"column":6},"end":{"line":50,"column":72}},"25":{"start":{"line":52,"column":6},"end":{"line":54,"column":7}},"26":{"start":{"line":53,"column":8},"end":{"line":53,"column":71}},"27":{"start":{"line":56,"column":6},"end":{"line":56,"column":18}}},"fnMap":{"0":{"name":"(anonymous_0)","decl":{"start":{"line":6,"column":2},"end":{"line":6,"column":3}},"loc":{"start":{"line":6,"column":36},"end":{"line":36,"column":3}},"line":6},"1":{"name":"(anonymous_1)","decl":{"start":{"line":38,"column":2},"end":{"line":38,"column":3}},"loc":{"start":{"line":38,"column":32},"end":{"line":58,"column":3}},"line":38}},"branchMap":{"0":{"loc":{"start":{"line":10,"column":6},"end":{"line":15,"column":7}},"type":"if","locations":[{"start":{"line":10,"column":6},"end":{"line":15,"column":7}},{"start":{},"end":{}}],"line":10},"1":{"loc":{"start":{"line":10,"column":10},"end":{"line":10,"column":29}},"type":"binary-expr","locations":[{"start":{"line":10,"column":10},"end":{"line":10,"column":16}},{"start":{"line":10,"column":20},"end":{"line":10,"column":29}}],"line":10},"2":{"loc":{"start":{"line":29,"column":6},"end":{"line":31,"column":7}},"type":"if","locations":[{"start":{"line":29,"column":6},"end":{"line":31,"column":7}},{"start":{},"end":{}}],"line":29},"3":{"loc":{"start":{"line":42,"column":6},"end":{"line":45,"column":7}},"type":"if","locations":[{"start":{"line":42,"column":6},"end":{"line":45,"column":7}},{"start":{},"end":{}}],"line":42},"4":{"loc":{"start":{"line":52,"column":6},"end":{"line":54,"column":7}},"type":"if","locations":[{"start":{"line":52,"column":6},"end":{"line":54,"column":7}},{"start":{},"end":{}}],"line":52}},"s":{"0":2,"1":2,"2":2,"3":5,"4":5,"5":5,"6":5,"7":2,"8":2,"9":3,"10":2,"11":2,"12":1,"13":1,"14":1,"15":0,"16":5,"17":5,"18":5,"19":5,"20":2,"21":2,"22":3,"23":2,"24":1,"25":1,"26":1,"27":0},"f":{"0":5,"1":5},"b":{"0":[2,3],"1":[5,3],"2":[1,0],"3":[2,3],"4":[1,0]},"_coverageSchema":"1a1c01bbd47fc00a2c39e90264f33305004495a9","hash":"f59448a9698c06c0f046cfe05b02fef406d01556"}
,"/home/juanjo/TFG_USECASES_VC/seguridad-social-web/backend/src/controllers/credentialsController.js": {"path":"/home/juanjo/TFG_USECASES_VC/seguridad-social-web/backend/src/controllers/credentialsController.js","statementMap":{"0":{"start":{"line":2,"column":15},"end":{"line":2,"column":38}},"1":{"start":{"line":3,"column":27},"end":{"line":3,"column":68}},"2":{"start":{"line":5,"column":0},"end":{"line":128,"column":2}},"3":{"start":{"line":7,"column":4},"end":{"line":19,"column":5}},"4":{"start":{"line":8,"column":20},"end":{"line":8,"column":62}},"5":{"start":{"line":9,"column":6},"end":{"line":9,"column":41}},"6":{"start":{"line":11,"column":6},"end":{"line":14,"column":8}},"7":{"start":{"line":15,"column":6},"end":{"line":17,"column":7}},"8":{"start":{"line":16,"column":8},"end":{"line":16,"column":71}},"9":{"start":{"line":18,"column":6},"end":{"line":18,"column":18}},"10":{"start":{"line":23,"column":4},"end":{"line":41,"column":5}},"11":{"start":{"line":24,"column":27},"end":{"line":24,"column":40}},"12":{"start":{"line":25,"column":6},"end":{"line":27,"column":7}},"13":{"start":{"line":26,"column":8},"end":{"line":26,"column":71}},"14":{"start":{"line":30,"column":8},"end":{"line":30,"column":64}},"15":{"start":{"line":31,"column":6},"end":{"line":31,"column":46}},"16":{"start":{"line":33,"column":6},"end":{"line":36,"column":8}},"17":{"start":{"line":37,"column":6},"end":{"line":39,"column":7}},"18":{"start":{"line":38,"column":8},"end":{"line":38,"column":71}},"19":{"start":{"line":40,"column":6},"end":{"line":40,"column":18}},"20":{"start":{"line":45,"column":4},"end":{"line":62,"column":5}},"21":{"start":{"line":46,"column":27},"end":{"line":46,"column":40}},"22":{"start":{"line":47,"column":6},"end":{"line":49,"column":7}},"23":{"start":{"line":48,"column":8},"end":{"line":48,"column":71}},"24":{"start":{"line":51,"column":6},"end":{"line":51,"column":62}},"25":{"start":{"line":52,"column":6},"end":{"line":52,"column":69}},"26":{"start":{"line":54,"column":6},"end":{"line":57,"column":8}},"27":{"start":{"line":58,"column":6},"end":{"line":60,"column":7}},"28":{"start":{"line":59,"column":8},"end":{"line":59,"column":71}},"29":{"start":{"line":61,"column":6},"end":{"line":61,"column":18}},"30":{"start":{"line":66,"column":4},"end":{"line":83,"column":5}},"31":{"start":{"line":67,"column":27},"end":{"line":67,"column":40}},"32":{"start":{"line":68,"column":6},"end":{"line":70,"column":7}},"33":{"start":{"line":69,"column":8},"end":{"line":69,"column":71}},"34":{"start":{"line":72,"column":21},"end":{"line":72,"column":76}},"35":{"start":{"line":73,"column":6},"end":{"line":73,"column":42}},"36":{"start":{"line":75,"column":6},"end":{"line":78,"column":8}},"37":{"start":{"line":79,"column":6},"end":{"line":81,"column":7}},"38":{"start":{"line":80,"column":8},"end":{"line":80,"column":71}},"39":{"start":{"line":82,"column":6},"end":{"line":82,"column":18}},"40":{"start":{"line":87,"column":4},"end":{"line":104,"column":5}},"41":{"start":{"line":88,"column":27},"end":{"line":88,"column":40}},"42":{"start":{"line":89,"column":6},"end":{"line":91,"column":7}},"43":{"start":{"line":90,"column":8},"end":{"line":90,"column":71}},"44":{"start":{"line":93,"column":21},"end":{"line":93,"column":76}},"45":{"start":{"line":94,"column":6},"end":{"line":94,"column":42}},"46":{"start":{"line":96,"column":6},"end":{"line":99,"column":8}},"47":{"start":{"line":100,"column":6},"end":{"line":102,"column":7}},"48":{"start":{"line":101,"column":8},"end":{"line":101,"column":71}},"49":{"start":{"line":103,"column":6},"end":{"line":103,"column":18}},"50":{"start":{"line":108,"column":4},"end":{"line":126,"column":5}},"51":{"start":{"line":109,"column":27},"end":{"line":109,"column":40}},"52":{"start":{"line":110,"column":6},"end":{"line":112,"column":7}},"53":{"start":{"line":111,"column":8},"end":{"line":111,"column":71}},"54":{"start":{"line":115,"column":8},"end":{"line":115,"column":66}},"55":{"start":{"line":116,"column":6},"end":{"line":116,"column":45}},"56":{"start":{"line":118,"column":6},"end":{"line":121,"column":8}},"57":{"start":{"line":122,"column":6},"end":{"line":124,"column":7}},"58":{"start":{"line":123,"column":8},"end":{"line":123,"column":71}},"59":{"start":{"line":125,"column":6},"end":{"line":125,"column":18}}},"fnMap":{"0":{"name":"(anonymous_0)","decl":{"start":{"line":6,"column":2},"end":{"line":6,"column":3}},"loc":{"start":{"line":6,"column":41},"end":{"line":20,"column":3}},"line":6},"1":{"name":"(anonymous_1)","decl":{"start":{"line":22,"column":2},"end":{"line":22,"column":3}},"loc":{"start":{"line":22,"column":42},"end":{"line":42,"column":3}},"line":22},"2":{"name":"(anonymous_2)","decl":{"start":{"line":44,"column":2},"end":{"line":44,"column":3}},"loc":{"start":{"line":44,"column":41},"end":{"line":63,"column":3}},"line":44},"3":{"name":"(anonymous_3)","decl":{"start":{"line":65,"column":2},"end":{"line":65,"column":3}},"loc":{"start":{"line":65,"column":41},"end":{"line":84,"column":3}},"line":65},"4":{"name":"(anonymous_4)","decl":{"start":{"line":86,"column":2},"end":{"line":86,"column":3}},"loc":{"start":{"line":86,"column":41},"end":{"line":105,"column":3}},"line":86},"5":{"name":"(anonymous_5)","decl":{"start":{"line":107,"column":2},"end":{"line":107,"column":3}},"loc":{"start":{"line":107,"column":44},"end":{"line":127,"column":3}},"line":107}},"branchMap":{"0":{"loc":{"start":{"line":15,"column":6},"end":{"line":17,"column":7}},"type":"if","locations":[{"start":{"line":15,"column":6},"end":{"line":17,"column":7}},{"start":{},"end":{}}],"line":15},"1":{"loc":{"start":{"line":25,"column":6},"end":{"line":27,"column":7}},"type":"if","locations":[{"start":{"line":25,"column":6},"end":{"line":27,"column":7}},{"start":{},"end":{}}],"line":25},"2":{"loc":{"start":{"line":37,"column":6},"end":{"line":39,"column":7}},"type":"if","locations":[{"start":{"line":37,"column":6},"end":{"line":39,"column":7}},{"start":{},"end":{}}],"line":37},"3":{"loc":{"start":{"line":47,"column":6},"end":{"line":49,"column":7}},"type":"if","locations":[{"start":{"line":47,"column":6},"end":{"line":49,"column":7}},{"start":{},"end":{}}],"line":47},"4":{"loc":{"start":{"line":58,"column":6},"end":{"line":60,"column":7}},"type":"if","locations":[{"start":{"line":58,"column":6},"end":{"line":60,"column":7}},{"start":{},"end":{}}],"line":58},"5":{"loc":{"start":{"line":68,"column":6},"end":{"line":70,"column":7}},"type":"if","locations":[{"start":{"line":68,"column":6},"end":{"line":70,"column":7}},{"start":{},"end":{}}],"line":68},"6":{"loc":{"start":{"line":79,"column":6},"end":{"line":81,"column":7}},"type":"if","locations":[{"start":{"line":79,"column":6},"end":{"line":81,"column":7}},{"start":{},"end":{}}],"line":79},"7":{"loc":{"start":{"line":89,"column":6},"end":{"line":91,"column":7}},"type":"if","locations":[{"start":{"line":89,"column":6},"end":{"line":91,"column":7}},{"start":{},"end":{}}],"line":89},"8":{"loc":{"start":{"line":100,"column":6},"end":{"line":102,"column":7}},"type":"if","locations":[{"start":{"line":100,"column":6},"end":{"line":102,"column":7}},{"start":{},"end":{}}],"line":100},"9":{"loc":{"start":{"line":110,"column":6},"end":{"line":112,"column":7}},"type":"if","locations":[{"start":{"line":110,"column":6},"end":{"line":112,"column":7}},{"start":{},"end":{}}],"line":110},"10":{"loc":{"start":{"line":122,"column":6},"end":{"line":124,"column":7}},"type":"if","locations":[{"start":{"line":122,"column":6},"end":{"line":124,"column":7}},{"start":{},"end":{}}],"line":122}},"s":{"0":3,"1":3,"2":3,"3":1,"4":1,"5":1,"6":0,"7":0,"8":0,"9":0,"10":1,"11":1,"12":1,"13":1,"14":0,"15":0,"16":0,"17":0,"18":0,"19":0,"20":1,"21":1,"22":1,"23":0,"24":1,"25":0,"26":1,"27":1,"28":1,"29":0,"30":2,"31":2,"32":2,"33":1,"34":1,"35":1,"36":0,"37":0,"38":0,"39":0,"40":2,"41":2,"42":2,"43":1,"44":1,"45":1,"46":0,"47":0,"48":0,"49":0,"50":2,"51":2,"52":2,"53":1,"54":1,"55":1,"56":0,"57":0,"58":0,"59":0},"f":{"0":1,"1":1,"2":1,"3":2,"4":2,"5":2},"b":{"0":[0,0],"1":[1,0],"2":[0,0],"3":[0,1],"4":[1,0],"5":[1,1],"6":[0,0],"7":[1,1],"8":[0,0],"9":[1,1],"10":[0,0]},"_coverageSchema":"1a1c01bbd47fc00a2c39e90264f33305004495a9","hash":"69bb87962658c04c37247434165992c1b1f50d60"}
,"/home/juanjo/TFG_USECASES_VC/seguridad-social-web/backend/src/controllers/didController.js": {"path":"/home/juanjo/TFG_USECASES_VC/seguridad-social-web/backend/src/controllers/didController.js","statementMap":{"0":{"start":{"line":2,"column":15},"end":{"line":2,"column":38}},"1":{"start":{"line":3,"column":29},"end":{"line":3,"column":72}},"2":{"start":{"line":4,"column":21},"end":{"line":4,"column":57}},"3":{"start":{"line":6,"column":0},"end":{"line":28,"column":2}},"4":{"start":{"line":8,"column":4},"end":{"line":26,"column":5}},"5":{"start":{"line":9,"column":6},"end":{"line":9,"column":55}},"6":{"start":{"line":12,"column":20},"end":{"line":12,"column":57}},"7":{"start":{"line":13,"column":23},"end":{"line":13,"column":57}},"8":{"start":{"line":16,"column":19},"end":{"line":16,"column":50}},"9":{"start":{"line":19,"column":6},"end":{"line":19,"column":40}},"10":{"start":{"line":21,"column":6},"end":{"line":21,"column":75}},"11":{"start":{"line":22,"column":6},"end":{"line":24,"column":7}},"12":{"start":{"line":23,"column":8},"end":{"line":23,"column":71}},"13":{"start":{"line":25,"column":6},"end":{"line":25,"column":18}}},"fnMap":{"0":{"name":"(anonymous_0)","decl":{"start":{"line":7,"column":2},"end":{"line":7,"column":3}},"loc":{"start":{"line":7,"column":34},"end":{"line":27,"column":3}},"line":7}},"branchMap":{"0":{"loc":{"start":{"line":22,"column":6},"end":{"line":24,"column":7}},"type":"if","locations":[{"start":{"line":22,"column":6},"end":{"line":24,"column":7}},{"start":{},"end":{}}],"line":22}},"s":{"0":2,"1":2,"2":2,"3":2,"4":2,"5":2,"6":2,"7":2,"8":2,"9":2,"10":0,"11":0,"12":0,"13":0},"f":{"0":2},"b":{"0":[0,0]},"_coverageSchema":"1a1c01bbd47fc00a2c39e90264f33305004495a9","hash":"53de147acc57c7b8a0ac22dd9b36490ec74347ca"}
,"/home/juanjo/TFG_USECASES_VC/seguridad-social-web/backend/src/controllers/issuanceController.js": {"path":"/home/juanjo/TFG_USECASES_VC/seguridad-social-web/backend/src/controllers/issuanceController.js","statementMap":{"0":{"start":{"line":2,"column":15},"end":{"line":2,"column":38}},"1":{"start":{"line":3,"column":24},"end":{"line":3,"column":62}},"2":{"start":{"line":5,"column":0},"end":{"line":74,"column":2}},"3":{"start":{"line":7,"column":4},"end":{"line":21,"column":5}},"4":{"start":{"line":8,"column":6},"end":{"line":8,"column":57}},"5":{"start":{"line":9,"column":26},"end":{"line":9,"column":34}},"6":{"start":{"line":10,"column":6},"end":{"line":12,"column":7}},"7":{"start":{"line":11,"column":8},"end":{"line":11,"column":66}},"8":{"start":{"line":13,"column":21},"end":{"line":13,"column":65}},"9":{"start":{"line":14,"column":6},"end":{"line":14,"column":42}},"10":{"start":{"line":16,"column":6},"end":{"line":16,"column":63}},"11":{"start":{"line":17,"column":6},"end":{"line":19,"column":7}},"12":{"start":{"line":18,"column":8},"end":{"line":18,"column":71}},"13":{"start":{"line":20,"column":6},"end":{"line":20,"column":18}},"14":{"start":{"line":25,"column":4},"end":{"line":38,"column":5}},"15":{"start":{"line":26,"column":6},"end":{"line":26,"column":70}},"16":{"start":{"line":27,"column":26},"end":{"line":27,"column":36}},"17":{"start":{"line":28,"column":6},"end":{"line":28,"column":60}},"18":{"start":{"line":29,"column":6},"end":{"line":31,"column":71}},"19":{"start":{"line":33,"column":6},"end":{"line":33,"column":72}},"20":{"start":{"line":34,"column":6},"end":{"line":36,"column":7}},"21":{"start":{"line":35,"column":8},"end":{"line":35,"column":71}},"22":{"start":{"line":37,"column":6},"end":{"line":37,"column":18}},"23":{"start":{"line":42,"column":4},"end":{"line":54,"column":5}},"24":{"start":{"line":43,"column":6},"end":{"line":43,"column":72}},"25":{"start":{"line":44,"column":26},"end":{"line":44,"column":36}},"26":{"start":{"line":46,"column":8},"end":{"line":46,"column":63}},"27":{"start":{"line":47,"column":6},"end":{"line":47,"column":54}},"28":{"start":{"line":49,"column":6},"end":{"line":49,"column":74}},"29":{"start":{"line":50,"column":6},"end":{"line":52,"column":7}},"30":{"start":{"line":51,"column":8},"end":{"line":51,"column":71}},"31":{"start":{"line":53,"column":6},"end":{"line":53,"column":18}},"32":{"start":{"line":58,"column":4},"end":{"line":72,"column":5}},"33":{"start":{"line":59,"column":6},"end":{"line":59,"column":63}},"34":{"start":{"line":60,"column":26},"end":{"line":60,"column":34}},"35":{"start":{"line":61,"column":6},"end":{"line":63,"column":7}},"36":{"start":{"line":62,"column":8},"end":{"line":62,"column":66}},"37":{"start":{"line":64,"column":21},"end":{"line":64,"column":71}},"38":{"start":{"line":65,"column":6},"end":{"line":65,"column":42}},"39":{"start":{"line":67,"column":6},"end":{"line":67,"column":69}},"40":{"start":{"line":68,"column":6},"end":{"line":70,"column":7}},"41":{"start":{"line":69,"column":8},"end":{"line":69,"column":71}},"42":{"start":{"line":71,"column":6},"end":{"line":71,"column":18}}},"fnMap":{"0":{"name":"(anonymous_0)","decl":{"start":{"line":6,"column":2},"end":{"line":6,"column":3}},"loc":{"start":{"line":6,"column":38},"end":{"line":22,"column":3}},"line":6},"1":{"name":"(anonymous_1)","decl":{"start":{"line":24,"column":2},"end":{"line":24,"column":3}},"loc":{"start":{"line":24,"column":47},"end":{"line":39,"column":3}},"line":24},"2":{"name":"(anonymous_2)","decl":{"start":{"line":41,"column":2},"end":{"line":41,"column":3}},"loc":{"start":{"line":41,"column":49},"end":{"line":55,"column":3}},"line":41},"3":{"name":"(anonymous_3)","decl":{"start":{"line":57,"column":2},"end":{"line":57,"column":3}},"loc":{"start":{"line":57,"column":44},"end":{"line":73,"column":3}},"line":57}},"branchMap":{"0":{"loc":{"start":{"line":10,"column":6},"end":{"line":12,"column":7}},"type":"if","locations":[{"start":{"line":10,"column":6},"end":{"line":12,"column":7}},{"start":{},"end":{}}],"line":10},"1":{"loc":{"start":{"line":17,"column":6},"end":{"line":19,"column":7}},"type":"if","locations":[{"start":{"line":17,"column":6},"end":{"line":19,"column":7}},{"start":{},"end":{}}],"line":17},"2":{"loc":{"start":{"line":34,"column":6},"end":{"line":36,"column":7}},"type":"if","locations":[{"start":{"line":34,"column":6},"end":{"line":36,"column":7}},{"start":{},"end":{}}],"line":34},"3":{"loc":{"start":{"line":50,"column":6},"end":{"line":52,"column":7}},"type":"if","locations":[{"start":{"line":50,"column":6},"end":{"line":52,"column":7}},{"start":{},"end":{}}],"line":50},"4":{"loc":{"start":{"line":61,"column":6},"end":{"line":63,"column":7}},"type":"if","locations":[{"start":{"line":61,"column":6},"end":{"line":63,"column":7}},{"start":{},"end":{}}],"line":61},"5":{"loc":{"start":{"line":68,"column":6},"end":{"line":70,"column":7}},"type":"if","locations":[{"start":{"line":68,"column":6},"end":{"line":70,"column":7}},{"start":{},"end":{}}],"line":68}},"s":{"0":3,"1":3,"2":3,"3":3,"4":3,"5":3,"6":3,"7":1,"8":2,"9":2,"10":0,"11":0,"12":0,"13":0,"14":1,"15":1,"16":1,"17":1,"18":1,"19":0,"20":0,"21":0,"22":0,"23":1,"24":1,"25":1,"26":1,"27":1,"28":0,"29":0,"30":0,"31":0,"32":2,"33":2,"34":2,"35":2,"36":1,"37":1,"38":1,"39":0,"40":0,"41":0,"42":0},"f":{"0":3,"1":1,"2":1,"3":2},"b":{"0":[1,2],"1":[0,0],"2":[0,0],"3":[0,0],"4":[1,1],"5":[0,0]},"_coverageSchema":"1a1c01bbd47fc00a2c39e90264f33305004495a9","hash":"77e39edcf363275cda44cb707158c781cc2fdc3f"}
,"/home/juanjo/TFG_USECASES_VC/seguridad-social-web/backend/src/controllers/offerController.js": {"path":"/home/juanjo/TFG_USECASES_VC/seguridad-social-web/backend/src/controllers/offerController.js","statementMap":{"0":{"start":{"line":2,"column":21},"end":{"line":2,"column":56}},"1":{"start":{"line":3,"column":15},"end":{"line":3,"column":38}},"2":{"start":{"line":5,"column":0},"end":{"line":29,"column":2}},"3":{"start":{"line":7,"column":4},"end":{"line":27,"column":5}},"4":{"start":{"line":8,"column":32},"end":{"line":8,"column":40}},"5":{"start":{"line":9,"column":6},"end":{"line":9,"column":77}},"6":{"start":{"line":11,"column":6},"end":{"line":13,"column":7}},"7":{"start":{"line":12,"column":8},"end":{"line":12,"column":74}},"8":{"start":{"line":15,"column":19},"end":{"line":15,"column":71}},"9":{"start":{"line":16,"column":6},"end":{"line":16,"column":40}},"10":{"start":{"line":18,"column":6},"end":{"line":21,"column":8}},"11":{"start":{"line":23,"column":6},"end":{"line":25,"column":7}},"12":{"start":{"line":24,"column":8},"end":{"line":24,"column":71}},"13":{"start":{"line":26,"column":6},"end":{"line":26,"column":18}}},"fnMap":{"0":{"name":"(anonymous_0)","decl":{"start":{"line":6,"column":2},"end":{"line":6,"column":3}},"loc":{"start":{"line":6,"column":43},"end":{"line":28,"column":3}},"line":6}},"branchMap":{"0":{"loc":{"start":{"line":11,"column":6},"end":{"line":13,"column":7}},"type":"if","locations":[{"start":{"line":11,"column":6},"end":{"line":13,"column":7}},{"start":{},"end":{}}],"line":11},"1":{"loc":{"start":{"line":11,"column":10},"end":{"line":11,"column":27}},"type":"binary-expr","locations":[{"start":{"line":11,"column":10},"end":{"line":11,"column":19}},{"start":{"line":11,"column":23},"end":{"line":11,"column":27}}],"line":11},"2":{"loc":{"start":{"line":23,"column":6},"end":{"line":25,"column":7}},"type":"if","locations":[{"start":{"line":23,"column":6},"end":{"line":25,"column":7}},{"start":{},"end":{}}],"line":23}},"s":{"0":2,"1":2,"2":2,"3":2,"4":2,"5":2,"6":2,"7":1,"8":1,"9":1,"10":0,"11":0,"12":0,"13":0},"f":{"0":2},"b":{"0":[1,1],"1":[2,1],"2":[0,0]},"_coverageSchema":"1a1c01bbd47fc00a2c39e90264f33305004495a9","hash":"8f11d4dcac3f9bd1e02320c36683c63714bec3b1"}
,"/home/juanjo/TFG_USECASES_VC/seguridad-social-web/backend/src/controllers/pingController.js": {"path":"/home/juanjo/TFG_USECASES_VC/seguridad-social-web/backend/src/controllers/pingController.js","statementMap":{"0":{"start":{"line":2,"column":0},"end":{"line":4,"column":2}},"1":{"start":{"line":3,"column":2},"end":{"line":3,"column":19}}},"fnMap":{"0":{"name":"(anonymous_0)","decl":{"start":{"line":2,"column":17},"end":{"line":2,"column":18}},"loc":{"start":{"line":2,"column":31},"end":{"line":4,"column":1}},"line":2}},"branchMap":{},"s":{"0":2,"1":1},"f":{"0":1},"b":{},"_coverageSchema":"1a1c01bbd47fc00a2c39e90264f33305004495a9","hash":"85306a9000fbde08ca48376476412b63fa71aa2a"}
,"/home/juanjo/TFG_USECASES_VC/seguridad-social-web/backend/src/controllers/presentationController.js": {"path":"/home/juanjo/TFG_USECASES_VC/seguridad-social-web/backend/src/controllers/presentationController.js","statementMap":{"0":{"start":{"line":2,"column":15},"end":{"line":2,"column":38}},"1":{"start":{"line":7,"column":4},"end":{"line":7,"column":46}},"2":{"start":{"line":9,"column":0},"end":{"line":106,"column":2}},"3":{"start":{"line":11,"column":4},"end":{"line":36,"column":5}},"4":{"start":{"line":12,"column":41},"end":{"line":12,"column":49}},"5":{"start":{"line":13,"column":6},"end":{"line":17,"column":7}},"6":{"start":{"line":14,"column":8},"end":{"line":16,"column":61}},"7":{"start":{"line":19,"column":6},"end":{"line":21,"column":8}},"8":{"start":{"line":22,"column":19},"end":{"line":22,"column":75}},"9":{"start":{"line":23,"column":6},"end":{"line":25,"column":8}},"10":{"start":{"line":26,"column":6},"end":{"line":26,"column":40}},"11":{"start":{"line":28,"column":6},"end":{"line":31,"column":8}},"12":{"start":{"line":32,"column":6},"end":{"line":34,"column":7}},"13":{"start":{"line":33,"column":8},"end":{"line":33,"column":71}},"14":{"start":{"line":35,"column":6},"end":{"line":35,"column":18}},"15":{"start":{"line":40,"column":4},"end":{"line":67,"column":5}},"16":{"start":{"line":41,"column":41},"end":{"line":41,"column":49}},"17":{"start":{"line":42,"column":6},"end":{"line":46,"column":7}},"18":{"start":{"line":43,"column":8},"end":{"line":45,"column":61}},"19":{"start":{"line":48,"column":6},"end":{"line":50,"column":8}},"20":{"start":{"line":51,"column":19},"end":{"line":53,"column":7}},"21":{"start":{"line":54,"column":6},"end":{"line":56,"column":8}},"22":{"start":{"line":57,"column":6},"end":{"line":57,"column":40}},"23":{"start":{"line":59,"column":6},"end":{"line":62,"column":8}},"24":{"start":{"line":63,"column":6},"end":{"line":65,"column":7}},"25":{"start":{"line":64,"column":8},"end":{"line":64,"column":71}},"26":{"start":{"line":66,"column":6},"end":{"line":66,"column":18}},"27":{"start":{"line":71,"column":4},"end":{"line":104,"column":5}},"28":{"start":{"line":73,"column":8},"end":{"line":73,"column":16}},"29":{"start":{"line":74,"column":6},"end":{"line":80,"column":7}},"30":{"start":{"line":75,"column":8},"end":{"line":79,"column":13}},"31":{"start":{"line":82,"column":6},"end":{"line":84,"column":8}},"32":{"start":{"line":85,"column":19},"end":{"line":90,"column":7}},"33":{"start":{"line":91,"column":6},"end":{"line":93,"column":8}},"34":{"start":{"line":94,"column":6},"end":{"line":94,"column":40}},"35":{"start":{"line":96,"column":6},"end":{"line":99,"column":8}},"36":{"start":{"line":100,"column":6},"end":{"line":102,"column":7}},"37":{"start":{"line":101,"column":8},"end":{"line":101,"column":71}},"38":{"start":{"line":103,"column":6},"end":{"line":103,"column":18}}},"fnMap":{"0":{"name":"(anonymous_0)","decl":{"start":{"line":10,"column":2},"end":{"line":10,"column":3}},"loc":{"start":{"line":10,"column":51},"end":{"line":37,"column":3}},"line":10},"1":{"name":"(anonymous_1)","decl":{"start":{"line":39,"column":2},"end":{"line":39,"column":3}},"loc":{"start":{"line":39,"column":56},"end":{"line":68,"column":3}},"line":39},"2":{"name":"(anonymous_2)","decl":{"start":{"line":70,"column":2},"end":{"line":70,"column":3}},"loc":{"start":{"line":70,"column":47},"end":{"line":105,"column":3}},"line":70}},"branchMap":{"0":{"loc":{"start":{"line":13,"column":6},"end":{"line":17,"column":7}},"type":"if","locations":[{"start":{"line":13,"column":6},"end":{"line":17,"column":7}},{"start":{},"end":{}}],"line":13},"1":{"loc":{"start":{"line":32,"column":6},"end":{"line":34,"column":7}},"type":"if","locations":[{"start":{"line":32,"column":6},"end":{"line":34,"column":7}},{"start":{},"end":{}}],"line":32},"2":{"loc":{"start":{"line":42,"column":6},"end":{"line":46,"column":7}},"type":"if","locations":[{"start":{"line":42,"column":6},"end":{"line":46,"column":7}},{"start":{},"end":{}}],"line":42},"3":{"loc":{"start":{"line":63,"column":6},"end":{"line":65,"column":7}},"type":"if","locations":[{"start":{"line":63,"column":6},"end":{"line":65,"column":7}},{"start":{},"end":{}}],"line":63},"4":{"loc":{"start":{"line":74,"column":6},"end":{"line":80,"column":7}},"type":"if","locations":[{"start":{"line":74,"column":6},"end":{"line":80,"column":7}},{"start":{},"end":{}}],"line":74},"5":{"loc":{"start":{"line":74,"column":10},"end":{"line":74,"column":62}},"type":"binary-expr","locations":[{"start":{"line":74,"column":10},"end":{"line":74,"column":14}},{"start":{"line":74,"column":18},"end":{"line":74,"column":38}},{"start":{"line":74,"column":42},"end":{"line":74,"column":62}}],"line":74},"6":{"loc":{"start":{"line":100,"column":6},"end":{"line":102,"column":7}},"type":"if","locations":[{"start":{"line":100,"column":6},"end":{"line":102,"column":7}},{"start":{},"end":{}}],"line":100}},"s":{"0":2,"1":2,"2":2,"3":4,"4":4,"5":4,"6":2,"7":2,"8":2,"9":2,"10":2,"11":0,"12":0,"13":0,"14":0,"15":4,"16":4,"17":4,"18":2,"19":2,"20":2,"21":2,"22":2,"23":0,"24":0,"25":0,"26":0,"27":4,"28":4,"29":4,"30":2,"31":2,"32":2,"33":2,"34":2,"35":0,"36":0,"37":0,"38":0},"f":{"0":4,"1":4,"2":4},"b":{"0":[2,2],"1":[0,0],"2":[2,2],"3":[0,0],"4":[2,2],"5":[4,2,2],"6":[0,0]},"_coverageSchema":"1a1c01bbd47fc00a2c39e90264f33305004495a9","hash":"3dc994f6f729e7259a9d5b9369fc12e0e9e6f07a"}
,"/home/juanjo/TFG_USECASES_VC/seguridad-social-web/backend/src/controllers/revocationController.js": {"path":"/home/juanjo/TFG_USECASES_VC/seguridad-social-web/backend/src/controllers/revocationController.js","statementMap":{"0":{"start":{"line":2,"column":26},"end":{"line":2,"column":66}},"1":{"start":{"line":3,"column":15},"end":{"line":3,"column":38}},"2":{"start":{"line":5,"column":0},"end":{"line":25,"column":2}},"3":{"start":{"line":7,"column":4},"end":{"line":23,"column":5}},"4":{"start":{"line":8,"column":22},"end":{"line":8,"column":30}},"5":{"start":{"line":9,"column":6},"end":{"line":9,"column":75}},"6":{"start":{"line":10,"column":6},"end":{"line":12,"column":7}},"7":{"start":{"line":11,"column":8},"end":{"line":11,"column":62}},"8":{"start":{"line":14,"column":21},"end":{"line":14,"column":66}},"9":{"start":{"line":16,"column":6},"end":{"line":16,"column":42}},"10":{"start":{"line":18,"column":6},"end":{"line":18,"column":75}},"11":{"start":{"line":19,"column":6},"end":{"line":21,"column":7}},"12":{"start":{"line":20,"column":8},"end":{"line":20,"column":71}},"13":{"start":{"line":22,"column":6},"end":{"line":22,"column":18}}},"fnMap":{"0":{"name":"(anonymous_0)","decl":{"start":{"line":6,"column":2},"end":{"line":6,"column":3}},"loc":{"start":{"line":6,"column":41},"end":{"line":24,"column":3}},"line":6}},"branchMap":{"0":{"loc":{"start":{"line":10,"column":6},"end":{"line":12,"column":7}},"type":"if","locations":[{"start":{"line":10,"column":6},"end":{"line":12,"column":7}},{"start":{},"end":{}}],"line":10},"1":{"loc":{"start":{"line":19,"column":6},"end":{"line":21,"column":7}},"type":"if","locations":[{"start":{"line":19,"column":6},"end":{"line":21,"column":7}},{"start":{},"end":{}}],"line":19}},"s":{"0":2,"1":2,"2":2,"3":4,"4":4,"5":4,"6":4,"7":1,"8":3,"9":2,"10":1,"11":1,"12":1,"13":0},"f":{"0":4},"b":{"0":[1,3],"1":[1,0]},"_coverageSchema":"1a1c01bbd47fc00a2c39e90264f33305004495a9","hash":"649ea611bc77e8770c34edcb52f3ee710a31d204"}
,"/home/juanjo/TFG_USECASES_VC/seguridad-social-web/backend/src/controllers/userController.js": {"path":"/home/juanjo/TFG_USECASES_VC/seguridad-social-web/backend/src/controllers/userController.js","statementMap":{"0":{"start":{"line":2,"column":20},"end":{"line":2,"column":54}},"1":{"start":{"line":3,"column":15},"end":{"line":3,"column":38}},"2":{"start":{"line":5,"column":0},"end":{"line":28,"column":2}},"3":{"start":{"line":7,"column":4},"end":{"line":26,"column":5}},"4":{"start":{"line":8,"column":22},"end":{"line":8,"column":32}},"5":{"start":{"line":9,"column":6},"end":{"line":11,"column":7}},"6":{"start":{"line":10,"column":8},"end":{"line":10,"column":68}},"7":{"start":{"line":13,"column":19},"end":{"line":13,"column":55}},"8":{"start":{"line":14,"column":6},"end":{"line":16,"column":7}},"9":{"start":{"line":15,"column":8},"end":{"line":15,"column":72}},"10":{"start":{"line":18,"column":27},"end":{"line":18,"column":62}},"11":{"start":{"line":19,"column":6},"end":{"line":19,"column":58}},"12":{"start":{"line":21,"column":6},"end":{"line":21,"column":74}},"13":{"start":{"line":22,"column":6},"end":{"line":24,"column":7}},"14":{"start":{"line":23,"column":8},"end":{"line":23,"column":71}},"15":{"start":{"line":25,"column":6},"end":{"line":25,"column":18}}},"fnMap":{"0":{"name":"(anonymous_0)","decl":{"start":{"line":6,"column":2},"end":{"line":6,"column":3}},"loc":{"start":{"line":6,"column":37},"end":{"line":27,"column":3}},"line":6}},"branchMap":{"0":{"loc":{"start":{"line":9,"column":6},"end":{"line":11,"column":7}},"type":"if","locations":[{"start":{"line":9,"column":6},"end":{"line":11,"column":7}},{"start":{},"end":{}}],"line":9},"1":{"loc":{"start":{"line":14,"column":6},"end":{"line":16,"column":7}},"type":"if","locations":[{"start":{"line":14,"column":6},"end":{"line":16,"column":7}},{"start":{},"end":{}}],"line":14},"2":{"loc":{"start":{"line":22,"column":6},"end":{"line":24,"column":7}},"type":"if","locations":[{"start":{"line":22,"column":6},"end":{"line":24,"column":7}},{"start":{},"end":{}}],"line":22}},"s":{"0":2,"1":2,"2":2,"3":5,"4":5,"5":5,"6":1,"7":4,"8":4,"9":2,"10":2,"11":2,"12":0,"13":0,"14":0,"15":0},"f":{"0":5},"b":{"0":[1,4],"1":[2,2],"2":[0,0]},"_coverageSchema":"1a1c01bbd47fc00a2c39e90264f33305004495a9","hash":"184f6e9ef233c7fc50e3e613e8dfed43b5fb2edb"}
,"/home/juanjo/TFG_USECASES_VC/seguridad-social-web/backend/src/controllers/userInfoController.js": {"path":"/home/juanjo/TFG_USECASES_VC/seguridad-social-web/backend/src/controllers/userInfoController.js","statementMap":{"0":{"start":{"line":2,"column":15},"end":{"line":2,"column":38}},"1":{"start":{"line":3,"column":20},"end":{"line":3,"column":54}},"2":{"start":{"line":5,"column":0},"end":{"line":22,"column":2}},"3":{"start":{"line":7,"column":4},"end":{"line":20,"column":5}},"4":{"start":{"line":8,"column":6},"end":{"line":8,"column":63}},"5":{"start":{"line":9,"column":25},"end":{"line":9,"column":62}},"6":{"start":{"line":10,"column":6},"end":{"line":10,"column":46}},"7":{"start":{"line":12,"column":6},"end":{"line":15,"column":8}},"8":{"start":{"line":16,"column":6},"end":{"line":18,"column":7}},"9":{"start":{"line":17,"column":8},"end":{"line":17,"column":71}},"10":{"start":{"line":19,"column":6},"end":{"line":19,"column":18}}},"fnMap":{"0":{"name":"(anonymous_0)","decl":{"start":{"line":6,"column":2},"end":{"line":6,"column":3}},"loc":{"start":{"line":6,"column":37},"end":{"line":21,"column":3}},"line":6}},"branchMap":{"0":{"loc":{"start":{"line":16,"column":6},"end":{"line":18,"column":7}},"type":"if","locations":[{"start":{"line":16,"column":6},"end":{"line":18,"column":7}},{"start":{},"end":{}}],"line":16}},"s":{"0":2,"1":2,"2":2,"3":2,"4":2,"5":2,"6":1,"7":1,"8":1,"9":1,"10":0},"f":{"0":2},"b":{"0":[1,0]},"_coverageSchema":"1a1c01bbd47fc00a2c39e90264f33305004495a9","hash":"873cb0587356ca7939652ac161ee99de6703570e"}
,"/home/juanjo/TFG_USECASES_VC/seguridad-social-web/backend/src/controllers/verificationController.js": {"path":"/home/juanjo/TFG_USECASES_VC/seguridad-social-web/backend/src/controllers/verificationController.js","statementMap":{"0":{"start":{"line":2,"column":15},"end":{"line":2,"column":38}},"1":{"start":{"line":3,"column":28},"end":{"line":3,"column":70}},"2":{"start":{"line":5,"column":0},"end":{"line":169,"column":2}},"3":{"start":{"line":8,"column":4},"end":{"line":27,"column":5}},"4":{"start":{"line":9,"column":6},"end":{"line":9,"column":73}},"5":{"start":{"line":10,"column":21},"end":{"line":12,"column":7}},"6":{"start":{"line":14,"column":6},"end":{"line":17,"column":9}},"7":{"start":{"line":19,"column":6},"end":{"line":22,"column":8}},"8":{"start":{"line":23,"column":6},"end":{"line":25,"column":7}},"9":{"start":{"line":24,"column":8},"end":{"line":24,"column":71}},"10":{"start":{"line":26,"column":6},"end":{"line":26,"column":18}},"11":{"start":{"line":32,"column":4},"end":{"line":49,"column":5}},"12":{"start":{"line":33,"column":6},"end":{"line":35,"column":8}},"13":{"start":{"line":37,"column":8},"end":{"line":37,"column":68}},"14":{"start":{"line":39,"column":6},"end":{"line":39,"column":42}},"15":{"start":{"line":41,"column":6},"end":{"line":44,"column":8}},"16":{"start":{"line":45,"column":6},"end":{"line":47,"column":7}},"17":{"start":{"line":46,"column":8},"end":{"line":46,"column":71}},"18":{"start":{"line":48,"column":6},"end":{"line":48,"column":18}},"19":{"start":{"line":54,"column":4},"end":{"line":71,"column":5}},"20":{"start":{"line":55,"column":6},"end":{"line":55,"column":79}},"21":{"start":{"line":56,"column":21},"end":{"line":56,"column":78}},"22":{"start":{"line":58,"column":6},"end":{"line":61,"column":9}},"23":{"start":{"line":63,"column":6},"end":{"line":66,"column":8}},"24":{"start":{"line":67,"column":6},"end":{"line":69,"column":7}},"25":{"start":{"line":68,"column":8},"end":{"line":68,"column":71}},"26":{"start":{"line":70,"column":6},"end":{"line":70,"column":18}},"27":{"start":{"line":76,"column":4},"end":{"line":96,"column":5}},"28":{"start":{"line":77,"column":6},"end":{"line":77,"column":74}},"29":{"start":{"line":78,"column":26},"end":{"line":78,"column":36}},"30":{"start":{"line":79,"column":31},"end":{"line":79,"column":39}},"31":{"start":{"line":80,"column":6},"end":{"line":83,"column":8}},"32":{"start":{"line":84,"column":6},"end":{"line":86,"column":61}},"33":{"start":{"line":88,"column":6},"end":{"line":91,"column":8}},"34":{"start":{"line":92,"column":6},"end":{"line":94,"column":7}},"35":{"start":{"line":93,"column":8},"end":{"line":93,"column":71}},"36":{"start":{"line":95,"column":6},"end":{"line":95,"column":18}},"37":{"start":{"line":101,"column":4},"end":{"line":117,"column":5}},"38":{"start":{"line":102,"column":6},"end":{"line":102,"column":70}},"39":{"start":{"line":103,"column":26},"end":{"line":103,"column":36}},"40":{"start":{"line":104,"column":6},"end":{"line":104,"column":79}},"41":{"start":{"line":105,"column":6},"end":{"line":107,"column":68}},"42":{"start":{"line":109,"column":6},"end":{"line":112,"column":8}},"43":{"start":{"line":113,"column":6},"end":{"line":115,"column":7}},"44":{"start":{"line":114,"column":8},"end":{"line":114,"column":71}},"45":{"start":{"line":116,"column":6},"end":{"line":116,"column":18}},"46":{"start":{"line":122,"column":4},"end":{"line":147,"column":5}},"47":{"start":{"line":123,"column":6},"end":{"line":125,"column":8}},"48":{"start":{"line":126,"column":26},"end":{"line":126,"column":36}},"49":{"start":{"line":127,"column":6},"end":{"line":130,"column":8}},"50":{"start":{"line":133,"column":22},"end":{"line":133,"column":79}},"51":{"start":{"line":134,"column":6},"end":{"line":137,"column":9}},"52":{"start":{"line":139,"column":6},"end":{"line":142,"column":8}},"53":{"start":{"line":143,"column":6},"end":{"line":145,"column":7}},"54":{"start":{"line":144,"column":8},"end":{"line":144,"column":71}},"55":{"start":{"line":146,"column":6},"end":{"line":146,"column":18}},"56":{"start":{"line":152,"column":4},"end":{"line":167,"column":5}},"57":{"start":{"line":153,"column":6},"end":{"line":153,"column":78}},"58":{"start":{"line":154,"column":26},"end":{"line":154,"column":36}},"59":{"start":{"line":156,"column":8},"end":{"line":156,"column":65}},"60":{"start":{"line":157,"column":6},"end":{"line":157,"column":47}},"61":{"start":{"line":159,"column":6},"end":{"line":162,"column":8}},"62":{"start":{"line":163,"column":6},"end":{"line":165,"column":7}},"63":{"start":{"line":164,"column":8},"end":{"line":164,"column":71}},"64":{"start":{"line":166,"column":6},"end":{"line":166,"column":18}}},"fnMap":{"0":{"name":"(anonymous_0)","decl":{"start":{"line":7,"column":2},"end":{"line":7,"column":3}},"loc":{"start":{"line":7,"column":42},"end":{"line":28,"column":3}},"line":7},"1":{"name":"(anonymous_1)","decl":{"start":{"line":31,"column":2},"end":{"line":31,"column":3}},"loc":{"start":{"line":31,"column":57},"end":{"line":50,"column":3}},"line":31},"2":{"name":"(anonymous_2)","decl":{"start":{"line":53,"column":2},"end":{"line":53,"column":3}},"loc":{"start":{"line":53,"column":48},"end":{"line":72,"column":3}},"line":53},"3":{"name":"(anonymous_3)","decl":{"start":{"line":75,"column":2},"end":{"line":75,"column":3}},"loc":{"start":{"line":75,"column":43},"end":{"line":97,"column":3}},"line":75},"4":{"name":"(anonymous_4)","decl":{"start":{"line":100,"column":2},"end":{"line":100,"column":3}},"loc":{"start":{"line":100,"column":39},"end":{"line":118,"column":3}},"line":100},"5":{"name":"(anonymous_5)","decl":{"start":{"line":121,"column":2},"end":{"line":121,"column":3}},"loc":{"start":{"line":121,"column":50},"end":{"line":148,"column":3}},"line":121},"6":{"name":"(anonymous_6)","decl":{"start":{"line":151,"column":2},"end":{"line":151,"column":3}},"loc":{"start":{"line":151,"column":47},"end":{"line":168,"column":3}},"line":151}},"branchMap":{"0":{"loc":{"start":{"line":23,"column":6},"end":{"line":25,"column":7}},"type":"if","locations":[{"start":{"line":23,"column":6},"end":{"line":25,"column":7}},{"start":{},"end":{}}],"line":23},"1":{"loc":{"start":{"line":45,"column":6},"end":{"line":47,"column":7}},"type":"if","locations":[{"start":{"line":45,"column":6},"end":{"line":47,"column":7}},{"start":{},"end":{}}],"line":45},"2":{"loc":{"start":{"line":67,"column":6},"end":{"line":69,"column":7}},"type":"if","locations":[{"start":{"line":67,"column":6},"end":{"line":69,"column":7}},{"start":{},"end":{}}],"line":67},"3":{"loc":{"start":{"line":92,"column":6},"end":{"line":94,"column":7}},"type":"if","locations":[{"start":{"line":92,"column":6},"end":{"line":94,"column":7}},{"start":{},"end":{}}],"line":92},"4":{"loc":{"start":{"line":113,"column":6},"end":{"line":115,"column":7}},"type":"if","locations":[{"start":{"line":113,"column":6},"end":{"line":115,"column":7}},{"start":{},"end":{}}],"line":113},"5":{"loc":{"start":{"line":143,"column":6},"end":{"line":145,"column":7}},"type":"if","locations":[{"start":{"line":143,"column":6},"end":{"line":145,"column":7}},{"start":{},"end":{}}],"line":143},"6":{"loc":{"start":{"line":163,"column":6},"end":{"line":165,"column":7}},"type":"if","locations":[{"start":{"line":163,"column":6},"end":{"line":165,"column":7}},{"start":{},"end":{}}],"line":163}},"s":{"0":4,"1":4,"2":4,"3":2,"4":2,"5":2,"6":2,"7":0,"8":0,"9":0,"10":0,"11":1,"12":1,"13":1,"14":1,"15":0,"16":0,"17":0,"18":0,"19":1,"20":1,"21":1,"22":1,"23":0,"24":0,"25":0,"26":0,"27":1,"28":1,"29":1,"30":1,"31":1,"32":1,"33":0,"34":0,"35":0,"36":0,"37":1,"38":1,"39":1,"40":1,"41":1,"42":0,"43":0,"44":0,"45":0,"46":1,"47":1,"48":1,"49":1,"50":1,"51":1,"52":0,"53":0,"54":0,"55":0,"56":3,"57":3,"58":3,"59":3,"60":1,"61":2,"62":2,"63":2,"64":0},"f":{"0":2,"1":1,"2":1,"3":1,"4":1,"5":1,"6":3},"b":{"0":[0,0],"1":[0,0],"2":[0,0],"3":[0,0],"4":[0,0],"5":[0,0],"6":[2,0]},"_coverageSchema":"1a1c01bbd47fc00a2c39e90264f33305004495a9","hash":"c79634244e33e6a3d0cd2741b769efdbf4b768ca"}
,"/home/juanjo/TFG_USECASES_VC/seguridad-social-web/backend/src/middleware/authMiddleware.js": {"path":"/home/juanjo/TFG_USECASES_VC/seguridad-social-web/backend/src/middleware/authMiddleware.js","statementMap":{"0":{"start":{"line":2,"column":30},"end":{"line":2,"column":58}},"1":{"start":{"line":9,"column":0},"end":{"line":23,"column":2}},"2":{"start":{"line":10,"column":18},"end":{"line":10,"column":56}},"3":{"start":{"line":12,"column":4},"end":{"line":14,"column":5}},"4":{"start":{"line":13,"column":8},"end":{"line":13,"column":66}},"5":{"start":{"line":16,"column":4},"end":{"line":22,"column":5}},"6":{"start":{"line":17,"column":24},"end":{"line":17,"column":48}},"7":{"start":{"line":18,"column":8},"end":{"line":18,"column":39}},"8":{"start":{"line":19,"column":8},"end":{"line":19,"column":22}},"9":{"start":{"line":21,"column":8},"end":{"line":21,"column":64}}},"fnMap":{"0":{"name":"authMiddleware","decl":{"start":{"line":9,"column":26},"end":{"line":9,"column":40}},"loc":{"start":{"line":9,"column":57},"end":{"line":23,"column":1}},"line":9}},"branchMap":{"0":{"loc":{"start":{"line":10,"column":18},"end":{"line":10,"column":56}},"type":"binary-expr","locations":[{"start":{"line":10,"column":18},"end":{"line":10,"column":29}},{"start":{"line":10,"column":33},"end":{"line":10,"column":56}}],"line":10},"1":{"loc":{"start":{"line":12,"column":4},"end":{"line":14,"column":5}},"type":"if","locations":[{"start":{"line":12,"column":4},"end":{"line":14,"column":5}},{"start":{},"end":{}}],"line":12}},"s":{"0":1,"1":1,"2":3,"3":3,"4":1,"5":2,"6":2,"7":1,"8":1,"9":1},"f":{"0":3},"b":{"0":[3,3],"1":[1,2]},"_coverageSchema":"1a1c01bbd47fc00a2c39e90264f33305004495a9","hash":"892291a46a04a9def1246910792a0835a019d69b"}
,"/home/juanjo/TFG_USECASES_VC/seguridad-social-web/backend/src/middleware/corsConfig.js": {"path":"/home/juanjo/TFG_USECASES_VC/seguridad-social-web/backend/src/middleware/corsConfig.js","statementMap":{"0":{"start":{"line":2,"column":13},"end":{"line":2,"column":28}},"1":{"start":{"line":5,"column":2},"end":{"line":7,"column":27}},"2":{"start":{"line":9,"column":0},"end":{"line":13,"column":3}}},"fnMap":{},"branchMap":{"0":{"loc":{"start":{"line":5,"column":2},"end":{"line":7,"column":27}},"type":"cond-expr","locations":[{"start":{"line":6,"column":6},"end":{"line":6,"column":31}},{"start":{"line":7,"column":6},"end":{"line":7,"column":27}}],"line":5}},"s":{"0":1,"1":1,"2":1},"f":{},"b":{"0":[0,1]},"_coverageSchema":"1a1c01bbd47fc00a2c39e90264f33305004495a9","hash":"99e96d7a227fabd13a418bf21c824da22a61843c"}
,"/home/juanjo/TFG_USECASES_VC/seguridad-social-web/backend/src/middleware/errorHandler.js": {"path":"/home/juanjo/TFG_USECASES_VC/seguridad-social-web/backend/src/middleware/errorHandler.js","statementMap":{"0":{"start":{"line":3,"column":15},"end":{"line":3,"column":38}},"1":{"start":{"line":5,"column":0},"end":{"line":112,"column":2}},"2":{"start":{"line":9,"column":14},"end":{"line":9,"column":38}},"3":{"start":{"line":10,"column":2},"end":{"line":10,"column":50}},"4":{"start":{"line":11,"column":2},"end":{"line":11,"column":31}},"5":{"start":{"line":12,"column":2},"end":{"line":12,"column":65}},"6":{"start":{"line":13,"column":2},"end":{"line":13,"column":32}},"7":{"start":{"line":19,"column":19},"end":{"line":19,"column":36}},"8":{"start":{"line":20,"column":16},"end":{"line":20,"column":54}},"9":{"start":{"line":21,"column":18},"end":{"line":21,"column":39}},"10":{"start":{"line":26,"column":2},"end":{"line":47,"column":3}},"11":{"start":{"line":28,"column":4},"end":{"line":28,"column":21}},"12":{"start":{"line":30,"column":4},"end":{"line":34,"column":20}},"13":{"start":{"line":33,"column":20},"end":{"line":33,"column":29}},"14":{"start":{"line":35,"column":4},"end":{"line":35,"column":34}},"15":{"start":{"line":36,"column":9},"end":{"line":47,"column":3}},"16":{"start":{"line":38,"column":4},"end":{"line":38,"column":21}},"17":{"start":{"line":39,"column":4},"end":{"line":39,"column":79}},"18":{"start":{"line":40,"column":4},"end":{"line":40,"column":28}},"19":{"start":{"line":41,"column":9},"end":{"line":47,"column":3}},"20":{"start":{"line":43,"column":4},"end":{"line":43,"column":21}},"21":{"start":{"line":44,"column":18},"end":{"line":44,"column":43}},"22":{"start":{"line":45,"column":4},"end":{"line":45,"column":90}},"23":{"start":{"line":46,"column":4},"end":{"line":46,"column":36}},"24":{"start":{"line":53,"column":2},"end":{"line":59,"column":3}},"25":{"start":{"line":55,"column":4},"end":{"line":56,"column":70}},"26":{"start":{"line":57,"column":4},"end":{"line":57,"column":58}},"27":{"start":{"line":58,"column":4},"end":{"line":58,"column":39}},"28":{"start":{"line":64,"column":2},"end":{"line":72,"column":3}},"29":{"start":{"line":65,"column":4},"end":{"line":65,"column":21}},"30":{"start":{"line":66,"column":4},"end":{"line":66,"column":31}},"31":{"start":{"line":67,"column":4},"end":{"line":67,"column":36}},"32":{"start":{"line":68,"column":9},"end":{"line":72,"column":3}},"33":{"start":{"line":69,"column":4},"end":{"line":69,"column":21}},"34":{"start":{"line":70,"column":4},"end":{"line":70,"column":31}},"35":{"start":{"line":71,"column":4},"end":{"line":71,"column":36}},"36":{"start":{"line":80,"column":2},"end":{"line":82,"column":3}},"37":{"start":{"line":81,"column":4},"end":{"line":81,"column":28}},"38":{"start":{"line":83,"column":2},"end":{"line":86,"column":3}},"39":{"start":{"line":85,"column":4},"end":{"line":85,"column":25}},"40":{"start":{"line":91,"column":2},"end":{"line":91,"column":45}},"41":{"start":{"line":92,"column":2},"end":{"line":92,"column":43}},"42":{"start":{"line":93,"column":2},"end":{"line":93,"column":38}},"43":{"start":{"line":95,"column":2},"end":{"line":97,"column":3}},"44":{"start":{"line":96,"column":4},"end":{"line":96,"column":28}},"45":{"start":{"line":98,"column":2},"end":{"line":98,"column":48}},"46":{"start":{"line":105,"column":2},"end":{"line":111,"column":5}}},"fnMap":{"0":{"name":"(anonymous_0)","decl":{"start":{"line":5,"column":17},"end":{"line":5,"column":18}},"loc":{"start":{"line":5,"column":42},"end":{"line":112,"column":1}},"line":5},"1":{"name":"(anonymous_1)","decl":{"start":{"line":33,"column":13},"end":{"line":33,"column":14}},"loc":{"start":{"line":33,"column":20},"end":{"line":33,"column":29}},"line":33}},"branchMap":{"0":{"loc":{"start":{"line":19,"column":19},"end":{"line":19,"column":36}},"type":"binary-expr","locations":[{"start":{"line":19,"column":19},"end":{"line":19,"column":29}},{"start":{"line":19,"column":33},"end":{"line":19,"column":36}}],"line":19},"1":{"loc":{"start":{"line":20,"column":16},"end":{"line":20,"column":54}},"type":"binary-expr","locations":[{"start":{"line":20,"column":16},"end":{"line":20,"column":27}},{"start":{"line":20,"column":31},"end":{"line":20,"column":54}}],"line":20},"2":{"loc":{"start":{"line":26,"column":2},"end":{"line":47,"column":3}},"type":"if","locations":[{"start":{"line":26,"column":2},"end":{"line":47,"column":3}},{"start":{"line":36,"column":9},"end":{"line":47,"column":3}}],"line":26},"3":{"loc":{"start":{"line":36,"column":9},"end":{"line":47,"column":3}},"type":"if","locations":[{"start":{"line":36,"column":9},"end":{"line":47,"column":3}},{"start":{"line":41,"column":9},"end":{"line":47,"column":3}}],"line":36},"4":{"loc":{"start":{"line":41,"column":9},"end":{"line":47,"column":3}},"type":"if","locations":[{"start":{"line":41,"column":9},"end":{"line":47,"column":3}},{"start":{},"end":{}}],"line":41},"5":{"loc":{"start":{"line":41,"column":13},"end":{"line":41,"column":43}},"type":"binary-expr","locations":[{"start":{"line":41,"column":13},"end":{"line":41,"column":21}},{"start":{"line":41,"column":25},"end":{"line":41,"column":43}}],"line":41},"6":{"loc":{"start":{"line":53,"column":2},"end":{"line":59,"column":3}},"type":"if","locations":[{"start":{"line":53,"column":2},"end":{"line":59,"column":3}},{"start":{},"end":{}}],"line":53},"7":{"loc":{"start":{"line":56,"column":6},"end":{"line":56,"column":69}},"type":"cond-expr","locations":[{"start":{"line":56,"column":44},"end":{"line":56,"column":63}},{"start":{"line":56,"column":66},"end":{"line":56,"column":69}}],"line":56},"8":{"loc":{"start":{"line":56,"column":6},"end":{"line":56,"column":41}},"type":"binary-expr","locations":[{"start":{"line":56,"column":6},"end":{"line":56,"column":18}},{"start":{"line":56,"column":22},"end":{"line":56,"column":41}}],"line":56},"9":{"loc":{"start":{"line":64,"column":2},"end":{"line":72,"column":3}},"type":"if","locations":[{"start":{"line":64,"column":2},"end":{"line":72,"column":3}},{"start":{"line":68,"column":9},"end":{"line":72,"column":3}}],"line":64},"10":{"loc":{"start":{"line":68,"column":9},"end":{"line":72,"column":3}},"type":"if","locations":[{"start":{"line":68,"column":9},"end":{"line":72,"column":3}},{"start":{},"end":{}}],"line":68},"11":{"loc":{"start":{"line":80,"column":2},"end":{"line":82,"column":3}},"type":"if","locations":[{"start":{"line":80,"column":2},"end":{"line":82,"column":3}},{"start":{},"end":{}}],"line":80},"12":{"loc":{"start":{"line":83,"column":2},"end":{"line":86,"column":3}},"type":"if","locations":[{"start":{"line":83,"column":2},"end":{"line":86,"column":3}},{"start":{},"end":{}}],"line":83},"13":{"loc":{"start":{"line":83,"column":6},"end":{"line":83,"column":46}},"type":"binary-expr","locations":[{"start":{"line":83,"column":6},"end":{"line":83,"column":14}},{"start":{"line":83,"column":18},"end":{"line":83,"column":46}}],"line":83},"14":{"loc":{"start":{"line":95,"column":2},"end":{"line":97,"column":3}},"type":"if","locations":[{"start":{"line":95,"column":2},"end":{"line":97,"column":3}},{"start":{},"end":{}}],"line":95},"15":{"loc":{"start":{"line":109,"column":10},"end":{"line":109,"column":71}},"type":"binary-expr","locations":[{"start":{"line":109,"column":10},"end":{"line":109,"column":47}},{"start":{"line":109,"column":51},"end":{"line":109,"column":71}}],"line":109}},"s":{"0":3,"1":3,"2":8,"3":8,"4":8,"5":8,"6":8,"7":8,"8":8,"9":8,"10":8,"11":1,"12":1,"13":1,"14":1,"15":7,"16":1,"17":1,"18":1,"19":6,"20":1,"21":1,"22":1,"23":1,"24":8,"25":1,"26":1,"27":1,"28":8,"29":1,"30":1,"31":1,"32":7,"33":1,"34":1,"35":1,"36":8,"37":2,"38":8,"39":1,"40":8,"41":8,"42":8,"43":8,"44":7,"45":8,"46":8},"f":{"0":8,"1":1},"b":{"0":[8,6],"1":[8,2],"2":[1,7],"3":[1,6],"4":[1,5],"5":[6,2],"6":[1,7],"7":[1,0],"8":[1,1],"9":[1,7],"10":[1,6],"11":[2,6],"12":[1,7],"13":[8,2],"14":[7,1],"15":[8,7]},"_coverageSchema":"1a1c01bbd47fc00a2c39e90264f33305004495a9","hash":"2ac5095606665294293ed91b78da48d12ef52712"}
,"/home/juanjo/TFG_USECASES_VC/seguridad-social-web/backend/src/middleware/rateLimiter.js": {"path":"/home/juanjo/TFG_USECASES_VC/seguridad-social-web/backend/src/middleware/rateLimiter.js","statementMap":{"0":{"start":{"line":2,"column":18},"end":{"line":2,"column":47}},"1":{"start":{"line":4,"column":24},"end":{"line":12,"column":2}},"2":{"start":{"line":14,"column":0},"end":{"line":14,"column":37}}},"fnMap":{},"branchMap":{},"s":{"0":2,"1":2,"2":2},"f":{},"b":{},"_coverageSchema":"1a1c01bbd47fc00a2c39e90264f33305004495a9","hash":"eacc34a43ea7b8393de9f838502efbcdb1305e74"}
,"/home/juanjo/TFG_USECASES_VC/seguridad-social-web/backend/src/middleware/requestLogger.js": {"path":"/home/juanjo/TFG_USECASES_VC/seguridad-social-web/backend/src/middleware/requestLogger.js","statementMap":{"0":{"start":{"line":2,"column":0},"end":{"line":12,"column":2}},"1":{"start":{"line":3,"column":2},"end":{"line":5,"column":4}},"2":{"start":{"line":6,"column":2},"end":{"line":6,"column":39}},"3":{"start":{"line":7,"column":2},"end":{"line":10,"column":4}},"4":{"start":{"line":11,"column":2},"end":{"line":11,"column":9}}},"fnMap":{"0":{"name":"(anonymous_0)","decl":{"start":{"line":2,"column":17},"end":{"line":2,"column":18}},"loc":{"start":{"line":2,"column":37},"end":{"line":12,"column":1}},"line":2}},"branchMap":{"0":{"loc":{"start":{"line":9,"column":4},"end":{"line":9,"column":79}},"type":"cond-expr","locations":[{"start":{"line":9,"column":39},"end":{"line":9,"column":72}},{"start":{"line":9,"column":75},"end":{"line":9,"column":79}}],"line":9}},"s":{"0":1,"1":1,"2":1,"3":1,"4":1},"f":{"0":1},"b":{"0":[0,1]},"_coverageSchema":"1a1c01bbd47fc00a2c39e90264f33305004495a9","hash":"031a4ebe97942c7b397e8ee25c30a0688bf7c617"}
,"/home/juanjo/TFG_USECASES_VC/seguridad-social-web/backend/src/models/RevokedCredential.js": {"path":"/home/juanjo/TFG_USECASES_VC/seguridad-social-web/backend/src/models/RevokedCredential.js","statementMap":{"0":{"start":{"line":1,"column":17},"end":{"line":1,"column":36}},"1":{"start":{"line":3,"column":32},"end":{"line":5,"column":2}},"2":{"start":{"line":7,"column":0},"end":{"line":7,"column":78}}},"fnMap":{},"branchMap":{},"s":{"0":14,"1":14,"2":14},"f":{},"b":{},"_coverageSchema":"1a1c01bbd47fc00a2c39e90264f33305004495a9","hash":"96d294615ffbcfb68536fc4dfad9ac73010dfc68"}
,"/home/juanjo/TFG_USECASES_VC/seguridad-social-web/backend/src/models/User.js": {"path":"/home/juanjo/TFG_USECASES_VC/seguridad-social-web/backend/src/models/User.js","statementMap":{"0":{"start":{"line":3,"column":17},"end":{"line":3,"column":36}},"1":{"start":{"line":4,"column":16},"end":{"line":4,"column":46}},"2":{"start":{"line":6,"column":19},"end":{"line":24,"column":1}},"3":{"start":{"line":26,"column":15},"end":{"line":26,"column":41}},"4":{"start":{"line":27,"column":15},"end":{"line":27,"column":38}},"5":{"start":{"line":29,"column":18},"end":{"line":29,"column":47}},"6":{"start":{"line":30,"column":18},"end":{"line":30,"column":47}},"7":{"start":{"line":32,"column":0},"end":{"line":36,"column":3}},"8":{"start":{"line":38,"column":0},"end":{"line":38,"column":52}}},"fnMap":{},"branchMap":{},"s":{"0":28,"1":28,"2":28,"3":28,"4":28,"5":28,"6":28,"7":28,"8":28},"f":{},"b":{},"_coverageSchema":"1a1c01bbd47fc00a2c39e90264f33305004495a9","hash":"88bc14f2ac64d5ff54d9125a06f7e54b18ad22f5"}
,"/home/juanjo/TFG_USECASES_VC/seguridad-social-web/backend/src/routes/authRoutes.js": {"path":"/home/juanjo/TFG_USECASES_VC/seguridad-social-web/backend/src/routes/authRoutes.js","statementMap":{"0":{"start":{"line":2,"column":16},"end":{"line":2,"column":34}},"1":{"start":{"line":3,"column":15},"end":{"line":3,"column":31}},"2":{"start":{"line":4,"column":23},"end":{"line":4,"column":63}},"3":{"start":{"line":5,"column":28},"end":{"line":5,"column":64}},"4":{"start":{"line":7,"column":0},"end":{"line":7,"column":74}},"5":{"start":{"line":8,"column":0},"end":{"line":8,"column":65}},"6":{"start":{"line":10,"column":0},"end":{"line":10,"column":24}}},"fnMap":{},"branchMap":{},"s":{"0":1,"1":1,"2":1,"3":1,"4":1,"5":1,"6":1},"f":{},"b":{},"_coverageSchema":"1a1c01bbd47fc00a2c39e90264f33305004495a9","hash":"2b68d9b9f8880091688be89c6ef03a61955308b2"}
,"/home/juanjo/TFG_USECASES_VC/seguridad-social-web/backend/src/routes/didRoutes.js": {"path":"/home/juanjo/TFG_USECASES_VC/seguridad-social-web/backend/src/routes/didRoutes.js","statementMap":{"0":{"start":{"line":2,"column":16},"end":{"line":2,"column":34}},"1":{"start":{"line":3,"column":21},"end":{"line":3,"column":60}},"2":{"start":{"line":5,"column":15},"end":{"line":5,"column":31}},"3":{"start":{"line":7,"column":0},"end":{"line":7,"column":30}},"4":{"start":{"line":9,"column":0},"end":{"line":9,"column":24}}},"fnMap":{},"branchMap":{},"s":{"0":1,"1":1,"2":1,"3":1,"4":1},"f":{},"b":{},"_coverageSchema":"1a1c01bbd47fc00a2c39e90264f33305004495a9","hash":"a4facc00b364a656234793ac33f2884f0d1eef1a"}
,"/home/juanjo/TFG_USECASES_VC/seguridad-social-web/backend/src/routes/issuanceRoutes.js": {"path":"/home/juanjo/TFG_USECASES_VC/seguridad-social-web/backend/src/routes/issuanceRoutes.js","statementMap":{"0":{"start":{"line":1,"column":16},"end":{"line":1,"column":34}},"1":{"start":{"line":2,"column":15},"end":{"line":2,"column":31}},"2":{"start":{"line":8,"column":4},"end":{"line":8,"column":48}},"3":{"start":{"line":11,"column":0},"end":{"line":11,"column":45}},"4":{"start":{"line":14,"column":0},"end":{"line":14,"column":64}},"5":{"start":{"line":17,"column":0},"end":{"line":17,"column":58}},"6":{"start":{"line":20,"column":0},"end":{"line":20,"column":57}},"7":{"start":{"line":22,"column":0},"end":{"line":22,"column":24}}},"fnMap":{},"branchMap":{},"s":{"0":1,"1":1,"2":1,"3":1,"4":1,"5":1,"6":1,"7":1},"f":{},"b":{},"_coverageSchema":"1a1c01bbd47fc00a2c39e90264f33305004495a9","hash":"69401335c845dd3ac329f8634d038082e9fede10"}
,"/home/juanjo/TFG_USECASES_VC/seguridad-social-web/backend/src/routes/revocationRoutes.js": {"path":"/home/juanjo/TFG_USECASES_VC/seguridad-social-web/backend/src/routes/revocationRoutes.js","statementMap":{"0":{"start":{"line":2,"column":16},"end":{"line":2,"column":34}},"1":{"start":{"line":3,"column":15},"end":{"line":3,"column":31}},"2":{"start":{"line":4,"column":29},"end":{"line":4,"column":75}},"3":{"start":{"line":6,"column":0},"end":{"line":6,"column":45}},"4":{"start":{"line":8,"column":0},"end":{"line":8,"column":24}}},"fnMap":{},"branchMap":{},"s":{"0":1,"1":1,"2":1,"3":1,"4":1},"f":{},"b":{},"_coverageSchema":"1a1c01bbd47fc00a2c39e90264f33305004495a9","hash":"09915ba28da47962ca9412c313f9e600123014a7"}
,"/home/juanjo/TFG_USECASES_VC/seguridad-social-web/backend/src/routes/userRoutes.js": {"path":"/home/juanjo/TFG_USECASES_VC/seguridad-social-web/backend/src/routes/userRoutes.js","statementMap":{"0":{"start":{"line":2,"column":16},"end":{"line":2,"column":34}},"1":{"start":{"line":3,"column":15},"end":{"line":3,"column":31}},"2":{"start":{"line":4,"column":25},"end":{"line":4,"column":65}},"3":{"start":{"line":6,"column":0},"end":{"line":6,"column":34}},"4":{"start":{"line":8,"column":0},"end":{"line":8,"column":24}}},"fnMap":{},"branchMap":{},"s":{"0":1,"1":1,"2":1,"3":1,"4":1},"f":{},"b":{},"_coverageSchema":"1a1c01bbd47fc00a2c39e90264f33305004495a9","hash":"a890fda3aa386c37998ab66cee795ea15df07842"}
,"/home/juanjo/TFG_USECASES_VC/seguridad-social-web/backend/src/routes/verificationRoutes.js": {"path":"/home/juanjo/TFG_USECASES_VC/seguridad-social-web/backend/src/routes/verificationRoutes.js","statementMap":{"0":{"start":{"line":2,"column":16},"end":{"line":2,"column":34}},"1":{"start":{"line":3,"column":15},"end":{"line":3,"column":31}},"2":{"start":{"line":12,"column":4},"end":{"line":12,"column":52}},"3":{"start":{"line":14,"column":0},"end":{"line":14,"column":41}},"4":{"start":{"line":15,"column":0},"end":{"line":15,"column":53}},"5":{"start":{"line":16,"column":0},"end":{"line":16,"column":66}},"6":{"start":{"line":17,"column":0},"end":{"line":17,"column":64}},"7":{"start":{"line":18,"column":0},"end":{"line":18,"column":56}},"8":{"start":{"line":19,"column":0},"end":{"line":19,"column":78}},"9":{"start":{"line":20,"column":0},"end":{"line":20,"column":56}},"10":{"start":{"line":22,"column":0},"end":{"line":22,"column":24}}},"fnMap":{},"branchMap":{},"s":{"0":2,"1":2,"2":2,"3":2,"4":2,"5":2,"6":2,"7":2,"8":2,"9":2,"10":2},"f":{},"b":{},"_coverageSchema":"1a1c01bbd47fc00a2c39e90264f33305004495a9","hash":"590629c844b98412671cb3b9c9bb00de82ca09b7"}
,"/home/juanjo/TFG_USECASES_VC/seguridad-social-web/backend/src/routes/walletRoutes.js": {"path":"/home/juanjo/TFG_USECASES_VC/seguridad-social-web/backend/src/routes/walletRoutes.js","statementMap":{"0":{"start":{"line":2,"column":16},"end":{"line":2,"column":34}},"1":{"start":{"line":3,"column":24},"end":{"line":3,"column":68}},"2":{"start":{"line":11,"column":4},"end":{"line":11,"column":51}},"3":{"start":{"line":12,"column":31},"end":{"line":12,"column":72}},"4":{"start":{"line":17,"column":4},"end":{"line":17,"column":52}},"5":{"start":{"line":18,"column":13},"end":{"line":18,"column":53}},"6":{"start":{"line":20,"column":15},"end":{"line":20,"column":31}},"7":{"start":{"line":23,"column":0},"end":{"line":23,"column":26}},"8":{"start":{"line":26,"column":0},"end":{"line":26,"column":38}},"9":{"start":{"line":29,"column":0},"end":{"line":29,"column":44}},"10":{"start":{"line":30,"column":0},"end":{"line":30,"column":50}},"11":{"start":{"line":31,"column":0},"end":{"line":31,"column":52}},"12":{"start":{"line":34,"column":0},"end":{"line":34,"column":53}},"13":{"start":{"line":37,"column":0},"end":{"line":37,"column":57}},"14":{"start":{"line":38,"column":0},"end":{"line":38,"column":57}},"15":{"start":{"line":41,"column":0},"end":{"line":41,"column":59}},"16":{"start":{"line":44,"column":0},"end":{"line":44,"column":73}},"17":{"start":{"line":45,"column":0},"end":{"line":45,"column":67}},"18":{"start":{"line":46,"column":0},"end":{"line":46,"column":65}},"19":{"start":{"line":48,"column":0},"end":{"line":48,"column":24}}},"fnMap":{},"branchMap":{},"s":{"0":1,"1":1,"2":1,"3":1,"4":1,"5":1,"6":1,"7":1,"8":1,"9":1,"10":1,"11":1,"12":1,"13":1,"14":1,"15":1,"16":1,"17":1,"18":1,"19":1},"f":{},"b":{},"_coverageSchema":"1a1c01bbd47fc00a2c39e90264f33305004495a9","hash":"923ff299162953cdf9a9e26696d493f31252138f"}
,"/home/juanjo/TFG_USECASES_VC/seguridad-social-web/backend/src/services/HolderSessionManager.js": {"path":"/home/juanjo/TFG_USECASES_VC/seguridad-social-web/backend/src/services/HolderSessionManager.js","statementMap":{"0":{"start":{"line":1,"column":14},"end":{"line":1,"column":30}},"1":{"start":{"line":2,"column":12},"end":{"line":2,"column":35}},"2":{"start":{"line":3,"column":15},"end":{"line":3,"column":38}},"3":{"start":{"line":7,"column":10},"end":{"line":7,"column":14}},"4":{"start":{"line":8,"column":16},"end":{"line":8,"column":20}},"5":{"start":{"line":9,"column":17},"end":{"line":9,"column":22}},"6":{"start":{"line":10,"column":19},"end":{"line":10,"column":23}},"7":{"start":{"line":12,"column":14},"end":{"line":12,"column":18}},"8":{"start":{"line":13,"column":13},"end":{"line":13,"column":17}},"9":{"start":{"line":15,"column":10},"end":{"line":15,"column":14}},"10":{"start":{"line":16,"column":13},"end":{"line":16,"column":17}},"11":{"start":{"line":19,"column":4},"end":{"line":21,"column":5}},"12":{"start":{"line":20,"column":6},"end":{"line":20,"column":65}},"13":{"start":{"line":22,"column":4},"end":{"line":22,"column":41}},"14":{"start":{"line":26,"column":4},"end":{"line":26,"column":23}},"15":{"start":{"line":27,"column":4},"end":{"line":27,"column":29}},"16":{"start":{"line":29,"column":4},"end":{"line":32,"column":6}},"17":{"start":{"line":34,"column":22},"end":{"line":38,"column":5}},"18":{"start":{"line":40,"column":29},"end":{"line":40,"column":57}},"19":{"start":{"line":41,"column":4},"end":{"line":60,"column":5}},"20":{"start":{"line":42,"column":23},"end":{"line":46,"column":7}},"21":{"start":{"line":48,"column":6},"end":{"line":56,"column":7}},"22":{"start":{"line":49,"column":8},"end":{"line":49,"column":41}},"23":{"start":{"line":50,"column":8},"end":{"line":50,"column":40}},"24":{"start":{"line":51,"column":8},"end":{"line":51,"column":64}},"25":{"start":{"line":52,"column":8},"end":{"line":52,"column":36}},"26":{"start":{"line":54,"column":8},"end":{"line":54,"column":61}},"27":{"start":{"line":55,"column":8},"end":{"line":55,"column":55}},"28":{"start":{"line":58,"column":6},"end":{"line":58,"column":71}},"29":{"start":{"line":59,"column":6},"end":{"line":59,"column":18}},"30":{"start":{"line":64,"column":18},"end":{"line":64,"column":39}},"31":{"start":{"line":66,"column":6},"end":{"line":66,"column":61}},"32":{"start":{"line":67,"column":19},"end":{"line":72,"column":5}},"33":{"start":{"line":73,"column":21},"end":{"line":76,"column":5}},"34":{"start":{"line":78,"column":4},"end":{"line":78,"column":43}},"35":{"start":{"line":79,"column":4},"end":{"line":83,"column":5}},"36":{"start":{"line":80,"column":6},"end":{"line":80,"column":50}},"37":{"start":{"line":82,"column":6},"end":{"line":82,"column":60}},"38":{"start":{"line":84,"column":4},"end":{"line":86,"column":6}},"39":{"start":{"line":90,"column":4},"end":{"line":101,"column":5}},"40":{"start":{"line":91,"column":22},"end":{"line":91,"column":39}},"41":{"start":{"line":92,"column":6},"end":{"line":97,"column":7}},"42":{"start":{"line":93,"column":8},"end":{"line":93,"column":46}},"43":{"start":{"line":95,"column":8},"end":{"line":95,"column":62}},"44":{"start":{"line":96,"column":8},"end":{"line":96,"column":32}},"45":{"start":{"line":99,"column":6},"end":{"line":99,"column":56}},"46":{"start":{"line":100,"column":6},"end":{"line":100,"column":30}},"47":{"start":{"line":105,"column":4},"end":{"line":108,"column":5}},"48":{"start":{"line":106,"column":6},"end":{"line":106,"column":61}},"49":{"start":{"line":107,"column":6},"end":{"line":107,"column":45}},"50":{"start":{"line":110,"column":24},"end":{"line":110,"column":34}},"51":{"start":{"line":111,"column":23},"end":{"line":111,"column":32}},"52":{"start":{"line":113,"column":4},"end":{"line":136,"column":5}},"53":{"start":{"line":114,"column":6},"end":{"line":114,"column":60}},"54":{"start":{"line":115,"column":6},"end":{"line":118,"column":7}},"55":{"start":{"line":116,"column":8},"end":{"line":116,"column":34}},"56":{"start":{"line":117,"column":8},"end":{"line":117,"column":26}},"57":{"start":{"line":120,"column":6},"end":{"line":120,"column":31}},"58":{"start":{"line":121,"column":6},"end":{"line":132,"column":11}},"59":{"start":{"line":126,"column":10},"end":{"line":126,"column":36}},"60":{"start":{"line":129,"column":10},"end":{"line":129,"column":36}},"61":{"start":{"line":130,"column":10},"end":{"line":130,"column":63}},"62":{"start":{"line":131,"column":10},"end":{"line":131,"column":22}},"63":{"start":{"line":134,"column":6},"end":{"line":134,"column":32}},"64":{"start":{"line":135,"column":6},"end":{"line":135,"column":24}},"65":{"start":{"line":138,"column":4},"end":{"line":138,"column":22}},"66":{"start":{"line":142,"column":4},"end":{"line":142,"column":26}},"67":{"start":{"line":146,"column":4},"end":{"line":146,"column":25}},"68":{"start":{"line":150,"column":0},"end":{"line":150,"column":52}}},"fnMap":{"0":{"name":"(anonymous_0)","decl":{"start":{"line":18,"column":2},"end":{"line":18,"column":3}},"loc":{"start":{"line":18,"column":23},"end":{"line":23,"column":3}},"line":18},"1":{"name":"(anonymous_1)","decl":{"start":{"line":25,"column":2},"end":{"line":25,"column":3}},"loc":{"start":{"line":25,"column":52},"end":{"line":61,"column":3}},"line":25},"2":{"name":"(anonymous_2)","decl":{"start":{"line":63,"column":2},"end":{"line":63,"column":3}},"loc":{"start":{"line":63,"column":25},"end":{"line":87,"column":3}},"line":63},"3":{"name":"(anonymous_3)","decl":{"start":{"line":89,"column":2},"end":{"line":89,"column":3}},"loc":{"start":{"line":89,"column":24},"end":{"line":102,"column":3}},"line":89},"4":{"name":"(anonymous_4)","decl":{"start":{"line":104,"column":2},"end":{"line":104,"column":3}},"loc":{"start":{"line":104,"column":19},"end":{"line":139,"column":3}},"line":104},"5":{"name":"(anonymous_5)","decl":{"start":{"line":125,"column":14},"end":{"line":125,"column":15}},"loc":{"start":{"line":125,"column":20},"end":{"line":127,"column":9}},"line":125},"6":{"name":"(anonymous_6)","decl":{"start":{"line":128,"column":15},"end":{"line":128,"column":16}},"loc":{"start":{"line":128,"column":26},"end":{"line":132,"column":9}},"line":128},"7":{"name":"(anonymous_7)","decl":{"start":{"line":141,"column":2},"end":{"line":141,"column":3}},"loc":{"start":{"line":141,"column":17},"end":{"line":143,"column":3}},"line":141},"8":{"name":"(anonymous_8)","decl":{"start":{"line":145,"column":2},"end":{"line":145,"column":3}},"loc":{"start":{"line":145,"column":16},"end":{"line":147,"column":3}},"line":145}},"branchMap":{"0":{"loc":{"start":{"line":19,"column":4},"end":{"line":21,"column":5}},"type":"if","locations":[{"start":{"line":19,"column":4},"end":{"line":21,"column":5}},{"start":{},"end":{}}],"line":19},"1":{"loc":{"start":{"line":48,"column":6},"end":{"line":56,"column":7}},"type":"if","locations":[{"start":{"line":48,"column":6},"end":{"line":56,"column":7}},{"start":{"line":53,"column":13},"end":{"line":56,"column":7}}],"line":48},"2":{"loc":{"start":{"line":48,"column":10},"end":{"line":48,"column":46}},"type":"binary-expr","locations":[{"start":{"line":48,"column":10},"end":{"line":48,"column":23}},{"start":{"line":48,"column":27},"end":{"line":48,"column":46}}],"line":48},"3":{"loc":{"start":{"line":66,"column":6},"end":{"line":66,"column":61}},"type":"binary-expr","locations":[{"start":{"line":66,"column":6},"end":{"line":66,"column":34}},{"start":{"line":66,"column":38},"end":{"line":66,"column":61}}],"line":66},"4":{"loc":{"start":{"line":79,"column":4},"end":{"line":83,"column":5}},"type":"if","locations":[{"start":{"line":79,"column":4},"end":{"line":83,"column":5}},{"start":{"line":81,"column":11},"end":{"line":83,"column":5}}],"line":79},"5":{"loc":{"start":{"line":79,"column":8},"end":{"line":79,"column":65}},"type":"binary-expr","locations":[{"start":{"line":79,"column":8},"end":{"line":79,"column":29}},{"start":{"line":79,"column":33},"end":{"line":79,"column":65}}],"line":79},"6":{"loc":{"start":{"line":92,"column":6},"end":{"line":97,"column":7}},"type":"if","locations":[{"start":{"line":92,"column":6},"end":{"line":97,"column":7}},{"start":{"line":94,"column":13},"end":{"line":97,"column":7}}],"line":92},"7":{"loc":{"start":{"line":92,"column":10},"end":{"line":92,"column":32}},"type":"binary-expr","locations":[{"start":{"line":92,"column":10},"end":{"line":92,"column":17}},{"start":{"line":92,"column":21},"end":{"line":92,"column":32}}],"line":92},"8":{"loc":{"start":{"line":105,"column":4},"end":{"line":108,"column":5}},"type":"if","locations":[{"start":{"line":105,"column":4},"end":{"line":108,"column":5}},{"start":{},"end":{}}],"line":105},"9":{"loc":{"start":{"line":113,"column":4},"end":{"line":136,"column":5}},"type":"if","locations":[{"start":{"line":113,"column":4},"end":{"line":136,"column":5}},{"start":{},"end":{}}],"line":113},"10":{"loc":{"start":{"line":113,"column":8},"end":{"line":113,"column":71}},"type":"binary-expr","locations":[{"start":{"line":113,"column":8},"end":{"line":113,"column":24}},{"start":{"line":113,"column":28},"end":{"line":113,"column":71}}],"line":113},"11":{"loc":{"start":{"line":115,"column":6},"end":{"line":118,"column":7}},"type":"if","locations":[{"start":{"line":115,"column":6},"end":{"line":118,"column":7}},{"start":{},"end":{}}],"line":115}},"s":{"0":39,"1":39,"2":39,"3":39,"4":39,"5":39,"6":39,"7":39,"8":39,"9":39,"10":39,"11":39,"12":39,"13":39,"14":2,"15":2,"16":2,"17":2,"18":2,"19":2,"20":2,"21":2,"22":2,"23":2,"24":2,"25":2,"26":0,"27":0,"28":0,"29":0,"30":2,"31":2,"32":2,"33":2,"34":2,"35":2,"36":2,"37":0,"38":2,"39":2,"40":2,"41":2,"42":0,"43":2,"44":2,"45":0,"46":0,"47":6,"48":2,"49":2,"50":4,"51":4,"52":4,"53":1,"54":1,"55":0,"56":0,"57":1,"58":1,"59":1,"60":0,"61":0,"62":0,"63":1,"64":1,"65":3,"66":0,"67":1,"68":39},"f":{"0":39,"1":2,"2":2,"3":2,"4":6,"5":1,"6":0,"7":0,"8":1},"b":{"0":[39,0],"1":[2,0],"2":[2,2],"3":[2,0],"4":[2,0],"5":[2,2],"6":[0,2],"7":[2,2],"8":[2,4],"9":[1,3],"10":[4,1],"11":[0,1]},"_coverageSchema":"1a1c01bbd47fc00a2c39e90264f33305004495a9","hash":"2bb601de14e0791a7be4af2666f252af90d5dbe8"}
[...]
,"/home/juanjo/TFG_USECASES_VC/seguridad-social-web/backend/src/utils/jwtUtils.js": {"path":"/home/juanjo/TFG_USECASES_VC/seguridad-social-web/backend/src/utils/jwtUtils.js","statementMap":{"0":{"start":{"line":3,"column":12},"end":{"line":3,"column":35}},"1":{"start":{"line":5,"column":32},"end":{"line":5,"column":37}},"2":{"start":{"line":6,"column":33},"end":{"line":6,"column":37}},"3":{"start":{"line":7,"column":19},"end":{"line":7,"column":53}},"4":{"start":{"line":8,"column":27},"end":{"line":8,"column":77}},"5":{"start":{"line":11,"column":22},"end":{"line":13,"column":4}},"6":{"start":{"line":14,"column":23},"end":{"line":16,"column":4}},"7":{"start":{"line":17,"column":2},"end":{"line":17,"column":39}},"8":{"start":{"line":21,"column":2},"end":{"line":21,"column":39}},"9":{"start":{"line":25,"column":2},"end":{"line":25,"column":47}},"10":{"start":{"line":28,"column":0},"end":{"line":28,"column":75}}},"fnMap":{"0":{"name":"generateTokens","decl":{"start":{"line":10,"column":9},"end":{"line":10,"column":23}},"loc":{"start":{"line":10,"column":32},"end":{"line":18,"column":1}},"line":10},"1":{"name":"verifyAccessToken","decl":{"start":{"line":20,"column":9},"end":{"line":20,"column":26}},"loc":{"start":{"line":20,"column":34},"end":{"line":22,"column":1}},"line":20},"2":{"name":"verifyRefreshToken","decl":{"start":{"line":24,"column":9},"end":{"line":24,"column":27}},"loc":{"start":{"line":24,"column":35},"end":{"line":26,"column":1}},"line":24}},"branchMap":{"0":{"loc":{"start":{"line":7,"column":19},"end":{"line":7,"column":53}},"type":"binary-expr","locations":[{"start":{"line":7,"column":19},"end":{"line":7,"column":41}},{"start":{"line":7,"column":45},"end":{"line":7,"column":53}}],"line":7},"1":{"loc":{"start":{"line":8,"column":27},"end":{"line":8,"column":77}},"type":"binary-expr","locations":[{"start":{"line":8,"column":27},"end":{"line":8,"column":57}},{"start":{"line":8,"column":61},"end":{"line":8,"column":77}}],"line":8}},"s":{"0":14,"1":14,"2":14,"3":14,"4":14,"5":1,"6":1,"7":1,"8":1,"9":0,"10":14},"f":{"0":1,"1":1,"2":0},"b":{"0":[14,0],"1":[14,0]},"_coverageSchema":"1a1c01bbd47fc00a2c39e90264f33305004495a9","hash":"51c4c4530c9cfab6be9bbe87d927cc5896495aaa"}
,"/home/juanjo/TFG_USECASES_VC/seguridad-social-web/backend/src/utils/presentationUtils.js": {"path":"/home/juanjo/TFG_USECASES_VC/seguridad-social-web/backend/src/utils/presentationUtils.js","statementMap":{"0":{"start":{"line":13,"column":2},"end":{"line":22,"column":3}},"1":{"start":{"line":14,"column":19},"end":{"line":14,"column":55}},"2":{"start":{"line":15,"column":20},"end":{"line":15,"column":70}},"3":{"start":{"line":16,"column":4},"end":{"line":20,"column":5}},"4":{"start":{"line":17,"column":6},"end":{"line":19,"column":8}},"5":{"start":{"line":21,"column":4},"end":{"line":21,"column":51}},"6":{"start":{"line":25,"column":2},"end":{"line":29,"column":3}},"7":{"start":{"line":26,"column":4},"end":{"line":28,"column":5}},"8":{"start":{"line":27,"column":6},"end":{"line":27,"column":65}},"9":{"start":{"line":31,"column":2},"end":{"line":31,"column":62}},"10":{"start":{"line":34,"column":0},"end":{"line":36,"column":2}}},"fnMap":{"0":{"name":"extractPresentationDefinition","decl":{"start":{"line":11,"column":9},"end":{"line":11,"column":38}},"loc":{"start":{"line":11,"column":68},"end":{"line":32,"column":1}},"line":11}},"branchMap":{"0":{"loc":{"start":{"line":13,"column":2},"end":{"line":22,"column":3}},"type":"if","locations":[{"start":{"line":13,"column":2},"end":{"line":22,"column":3}},{"start":{},"end":{}}],"line":13},"1":{"loc":{"start":{"line":16,"column":4},"end":{"line":20,"column":5}},"type":"if","locations":[{"start":{"line":16,"column":4},"end":{"line":20,"column":5}},{"start":{},"end":{}}],"line":16},"2":{"loc":{"start":{"line":25,"column":2},"end":{"line":29,"column":3}},"type":"if","locations":[{"start":{"line":25,"column":2},"end":{"line":29,"column":3}},{"start":{},"end":{}}],"line":25},"3":{"loc":{"start":{"line":26,"column":4},"end":{"line":28,"column":5}},"type":"if","locations":[{"start":{"line":26,"column":4},"end":{"line":28,"column":5}},{"start":{},"end":{}}],"line":26}},"s":{"0":5,"1":2,"2":2,"3":2,"4":1,"5":1,"6":3,"7":3,"8":3,"9":0,"10":13},"f":{"0":5},"b":{"0":[2,3],"1":[1,1],"2":[3,0],"3":[3,0]},"_coverageSchema":"1a1c01bbd47fc00a2c39e90264f33305004495a9","hash":"23631da3161a50733a97ba98cdb4740239ba03cd"}
,"/home/juanjo/TFG_USECASES_VC/seguridad-social-web/backend/src/utils/sessionStore.js": {"path":"/home/juanjo/TFG_USECASES_VC/seguridad-social-web/backend/src/utils/sessionStore.js","statementMap":{"0":{"start":{"line":2,"column":24},"end":{"line":2,"column":50}},"1":{"start":{"line":6,"column":18},"end":{"line":6,"column":45}},"2":{"start":{"line":8,"column":2},"end":{"line":8,"column":42}},"3":{"start":{"line":12,"column":15},"end":{"line":12,"column":45}},"4":{"start":{"line":13,"column":2},"end":{"line":13,"column":40}},"5":{"start":{"line":17,"column":2},"end":{"line":17,"column":33}},"6":{"start":{"line":20,"column":0},"end":{"line":24,"column":2}}},"fnMap":{"0":{"name":"setSession","decl":{"start":{"line":4,"column":15},"end":{"line":4,"column":25}},"loc":{"start":{"line":4,"column":48},"end":{"line":9,"column":1}},"line":4},"1":{"name":"getSession","decl":{"start":{"line":11,"column":15},"end":{"line":11,"column":25}},"loc":{"start":{"line":11,"column":35},"end":{"line":14,"column":1}},"line":11},"2":{"name":"deleteSession","decl":{"start":{"line":16,"column":15},"end":{"line":16,"column":28}},"loc":{"start":{"line":16,"column":38},"end":{"line":18,"column":1}},"line":16}},"branchMap":{"0":{"loc":{"start":{"line":13,"column":9},"end":{"line":13,"column":39}},"type":"cond-expr","locations":[{"start":{"line":13,"column":16},"end":{"line":13,"column":32}},{"start":{"line":13,"column":35},"end":{"line":13,"column":39}}],"line":13}},"s":{"0":19,"1":7,"2":7,"3":5,"4":5,"5":1,"6":19},"f":{"0":7,"1":5,"2":1},"b":{"0":[3,2]},"_coverageSchema":"1a1c01bbd47fc00a2c39e90264f33305004495a9","hash":"5f9443d236b8a9f33ce1064d2382f84104be6367"}
,"/home/juanjo/TFG_USECASES_VC/seguridad-social-web/backend/src/utils/validations.js": {"path":"/home/juanjo/TFG_USECASES_VC/seguridad-social-web/backend/src/utils/validations.js","statementMap":{"0":{"start":{"line":2,"column":13},"end":{"line":2,"column":38}},"1":{"start":{"line":3,"column":26},"end":{"line":3,"column":64}},"2":{"start":{"line":4,"column":12},"end":{"line":4,"column":35}},"3":{"start":{"line":5,"column":21},"end":{"line":5,"column":46}},"4":{"start":{"line":9,"column":18},"end":{"line":9,"column":20}},"5":{"start":{"line":10,"column":19},"end":{"line":10,"column":21}},"6":{"start":{"line":11,"column":23},"end":{"line":11,"column":25}},"7":{"start":{"line":12,"column":15},"end":{"line":12,"column":17}},"8":{"start":{"line":13,"column":20},"end":{"line":13,"column":22}},"9":{"start":{"line":14,"column":18},"end":{"line":14,"column":22}},"10":{"start":{"line":15,"column":12},"end":{"line":15,"column":14}},"11":{"start":{"line":16,"column":14},"end":{"line":16,"column":16}},"12":{"start":{"line":18,"column":2},"end":{"line":29,"column":3}},"13":{"start":{"line":19,"column":4},"end":{"line":19,"column":45}},"14":{"start":{"line":20,"column":4},"end":{"line":20,"column":39}},"15":{"start":{"line":21,"column":4},"end":{"line":21,"column":41}},"16":{"start":{"line":22,"column":4},"end":{"line":22,"column":33}},"17":{"start":{"line":23,"column":4},"end":{"line":23,"column":43}},"18":{"start":{"line":24,"column":4},"end":{"line":24,"column":27}},"19":{"start":{"line":25,"column":4},"end":{"line":27,"column":5}},"20":{"start":{"line":26,"column":6},"end":{"line":26,"column":45}},"21":{"start":{"line":28,"column":4},"end":{"line":28,"column":31}},"22":{"start":{"line":31,"column":2},"end":{"line":40,"column":4}},"23":{"start":{"line":45,"column":2},"end":{"line":45,"column":35}},"24":{"start":{"line":49,"column":18},"end":{"line":49,"column":67}},"25":{"start":{"line":50,"column":2},"end":{"line":50,"column":19}},"26":{"start":{"line":54,"column":2},"end":{"line":67,"column":3}},"27":{"start":{"line":55,"column":22},"end":{"line":55,"column":39}},"28":{"start":{"line":56,"column":4},"end":{"line":58,"column":5}},"29":{"start":{"line":57,"column":6},"end":{"line":57,"column":18}},"30":{"start":{"line":60,"column":6},"end":{"line":61,"column":64}},"31":{"start":{"line":62,"column":4},"end":{"line":64,"column":5}},"32":{"start":{"line":63,"column":6},"end":{"line":63,"column":18}},"33":{"start":{"line":65,"column":20},"end":{"line":65,"column":53}},"34":{"start":{"line":66,"column":4},"end":{"line":66,"column":29}},"35":{"start":{"line":66,"column":17},"end":{"line":66,"column":29}},"36":{"start":{"line":68,"column":2},"end":{"line":68,"column":15}},"37":{"start":{"line":72,"column":13},"end":{"line":72,"column":76}},"38":{"start":{"line":73,"column":2},"end":{"line":104,"column":3}},"39":{"start":{"line":74,"column":4},"end":{"line":88,"column":7}},"40":{"start":{"line":91,"column":4},"end":{"line":91,"column":40}},"41":{"start":{"line":92,"column":4},"end":{"line":92,"column":42}},"42":{"start":{"line":93,"column":4},"end":{"line":93,"column":34}},"43":{"start":{"line":94,"column":4},"end":{"line":94,"column":44}},"44":{"start":{"line":95,"column":4},"end":{"line":95,"column":40}},"45":{"start":{"line":96,"column":4},"end":{"line":96,"column":28}},"46":{"start":{"line":97,"column":4},"end":{"line":97,"column":46}},"47":{"start":{"line":99,"column":4},"end":{"line":103,"column":5}},"48":{"start":{"line":100,"column":6},"end":{"line":100,"column":27}},"49":{"start":{"line":101,"column":11},"end":{"line":103,"column":5}},"50":{"start":{"line":102,"column":6},"end":{"line":102,"column":30}},"51":{"start":{"line":105,"column":2},"end":{"line":105,"column":20}},"52":{"start":{"line":106,"column":2},"end":{"line":106,"column":14}},"53":{"start":{"line":109,"column":0},"end":{"line":114,"column":2}}},"fnMap":{"0":{"name":"extractUserDataFromDecodedCredentialSubject","decl":{"start":{"line":8,"column":9},"end":{"line":8,"column":52}},"loc":{"start":{"line":8,"column":57},"end":{"line":41,"column":1}},"line":8},"1":{"name":"decodeVC","decl":{"start":{"line":44,"column":9},"end":{"line":44,"column":17}},"loc":{"start":{"line":44,"column":33},"end":{"line":46,"column":1}},"line":44},"2":{"name":"isCredentialRevoked","decl":{"start":{"line":48,"column":15},"end":{"line":48,"column":34}},"loc":{"start":{"line":48,"column":49},"end":{"line":51,"column":1}},"line":48},"3":{"name":"checkCredentialsRevocation","decl":{"start":{"line":53,"column":15},"end":{"line":53,"column":41}},"loc":{"start":{"line":53,"column":63},"end":{"line":69,"column":1}},"line":53},"4":{"name":"findOrCreateOrUpdateUser","decl":{"start":{"line":71,"column":15},"end":{"line":71,"column":39}},"loc":{"start":{"line":71,"column":56},"end":{"line":107,"column":1}},"line":71}},"branchMap":{"0":{"loc":{"start":{"line":18,"column":2},"end":{"line":29,"column":3}},"type":"if","locations":[{"start":{"line":18,"column":2},"end":{"line":29,"column":3}},{"start":{},"end":{}}],"line":18},"1":{"loc":{"start":{"line":19,"column":21},"end":{"line":19,"column":44}},"type":"binary-expr","locations":[{"start":{"line":19,"column":21},"end":{"line":19,"column":38}},{"start":{"line":19,"column":42},"end":{"line":19,"column":44}}],"line":19},"2":{"loc":{"start":{"line":20,"column":16},"end":{"line":20,"column":38}},"type":"binary-expr","locations":[{"start":{"line":20,"column":16},"end":{"line":20,"column":32}},{"start":{"line":20,"column":36},"end":{"line":20,"column":38}}],"line":20},"3":{"loc":{"start":{"line":21,"column":17},"end":{"line":21,"column":40}},"type":"binary-expr","locations":[{"start":{"line":21,"column":17},"end":{"line":21,"column":34}},{"start":{"line":21,"column":38},"end":{"line":21,"column":40}}],"line":21},"4":{"loc":{"start":{"line":22,"column":13},"end":{"line":22,"column":32}},"type":"binary-expr","locations":[{"start":{"line":22,"column":13},"end":{"line":22,"column":26}},{"start":{"line":22,"column":30},"end":{"line":22,"column":32}}],"line":22},"5":{"loc":{"start":{"line":23,"column":18},"end":{"line":23,"column":42}},"type":"binary-expr","locations":[{"start":{"line":23,"column":18},"end":{"line":23,"column":36}},{"start":{"line":23,"column":40},"end":{"line":23,"column":42}}],"line":23},"6":{"loc":{"start":{"line":24,"column":10},"end":{"line":24,"column":26}},"type":"binary-expr","locations":[{"start":{"line":24,"column":10},"end":{"line":24,"column":20}},{"start":{"line":24,"column":24},"end":{"line":24,"column":26}}],"line":24},"7":{"loc":{"start":{"line":25,"column":4},"end":{"line":27,"column":5}},"type":"if","locations":[{"start":{"line":25,"column":4},"end":{"line":27,"column":5}},{"start":{},"end":{}}],"line":25},"8":{"loc":{"start":{"line":28,"column":12},"end":{"line":28,"column":30}},"type":"binary-expr","locations":[{"start":{"line":28,"column":12},"end":{"line":28,"column":24}},{"start":{"line":28,"column":28},"end":{"line":28,"column":30}}],"line":28},"9":{"loc":{"start":{"line":56,"column":4},"end":{"line":58,"column":5}},"type":"if","locations":[{"start":{"line":56,"column":4},"end":{"line":58,"column":5}},{"start":{},"end":{}}],"line":56},"10":{"loc":{"start":{"line":60,"column":6},"end":{"line":61,"column":64}},"type":"binary-expr","locations":[{"start":{"line":60,"column":6},"end":{"line":60,"column":19}},{"start":{"line":61,"column":7},"end":{"line":61,"column":63}}],"line":60},"11":{"loc":{"start":{"line":61,"column":7},"end":{"line":61,"column":63}},"type":"cond-expr","locations":[{"start":{"line":61,"column":41},"end":{"line":61,"column":56}},{"start":{"line":61,"column":59},"end":{"line":61,"column":63}}],"line":61},"12":{"loc":{"start":{"line":61,"column":7},"end":{"line":61,"column":38}},"type":"binary-expr","locations":[{"start":{"line":61,"column":7},"end":{"line":61,"column":19}},{"start":{"line":61,"column":23},"end":{"line":61,"column":38}}],"line":61},"13":{"loc":{"start":{"line":62,"column":4},"end":{"line":64,"column":5}},"type":"if","locations":[{"start":{"line":62,"column":4},"end":{"line":64,"column":5}},{"start":{},"end":{}}],"line":62},"14":{"loc":{"start":{"line":66,"column":4},"end":{"line":66,"column":29}},"type":"if","locations":[{"start":{"line":66,"column":4},"end":{"line":66,"column":29}},{"start":{},"end":{}}],"line":66},"15":{"loc":{"start":{"line":73,"column":2},"end":{"line":104,"column":3}},"type":"if","locations":[{"start":{"line":73,"column":2},"end":{"line":104,"column":3}},{"start":{"line":89,"column":9},"end":{"line":104,"column":3}}],"line":73},"16":{"loc":{"start":{"line":82,"column":13},"end":{"line":82,"column":33}},"type":"binary-expr","locations":[{"start":{"line":82,"column":13},"end":{"line":82,"column":27}},{"start":{"line":82,"column":31},"end":{"line":82,"column":33}}],"line":82},"17":{"loc":{"start":{"line":97,"column":17},"end":{"line":97,"column":45}},"type":"binary-expr","locations":[{"start":{"line":97,"column":17},"end":{"line":97,"column":31}},{"start":{"line":97,"column":35},"end":{"line":97,"column":45}}],"line":97},"18":{"loc":{"start":{"line":99,"column":4},"end":{"line":103,"column":5}},"type":"if","locations":[{"start":{"line":99,"column":4},"end":{"line":103,"column":5}},{"start":{"line":101,"column":11},"end":{"line":103,"column":5}}],"line":99},"19":{"loc":{"start":{"line":101,"column":11},"end":{"line":103,"column":5}},"type":"if","locations":[{"start":{"line":101,"column":11},"end":{"line":103,"column":5}},{"start":{},"end":{}}],"line":101}},"s":{"0":11,"1":11,"2":11,"3":11,"4":1,"5":1,"6":1,"7":1,"8":1,"9":1,"10":1,"11":1,"12":1,"13":1,"14":1,"15":1,"16":1,"17":1,"18":1,"19":1,"20":1,"21":1,"22":1,"23":4,"24":4,"25":4,"26":2,"27":4,"28":4,"29":0,"30":4,"31":4,"32":0,"33":4,"34":4,"35":1,"36":1,"37":2,"38":2,"39":1,"40":1,"41":1,"42":1,"43":1,"44":1,"45":1,"46":1,"47":1,"48":0,"49":1,"50":1,"51":2,"52":2,"53":11},"f":{"0":1,"1":4,"2":4,"3":2,"4":2},"b":{"0":[1,0],"1":[1,0],"2":[1,0],"3":[1,0],"4":[1,0],"5":[1,0],"6":[1,0],"7":[1,0],"8":[1,0],"9":[0,4],"10":[4,0],"11":[0,0],"12":[0,0],"13":[0,4],"14":[1,3],"15":[1,1],"16":[1,1],"17":[1,1],"18":[0,1],"19":[1,0]},"_coverageSchema":"1a1c01bbd47fc00a2c39e90264f33305004495a9","hash":"121c36b332dd34ed28332d815bd65f93e9a96cb3"}
,"/home/juanjo/TFG_USECASES_VC/seguridad-social-web/backend/tests/integration/setupTestContainers.js": {"path":"/home/juanjo/TFG_USECASES_VC/seguridad-social-web/backend/tests/integration/setupTestContainers.js","statementMap":{"0":{"start":{"line":2,"column":31},"end":{"line":2,"column":63}},"1":{"start":{"line":3,"column":17},"end":{"line":3,"column":36}},"2":{"start":{"line":4,"column":14},"end":{"line":4,"column":37}},"3":{"start":{"line":9,"column":0},"end":{"line":31,"column":2}},"4":{"start":{"line":11,"column":4},"end":{"line":13,"column":7}},"5":{"start":{"line":14,"column":4},"end":{"line":14,"column":49}},"6":{"start":{"line":15,"column":4},"end":{"line":15,"column":50}},"7":{"start":{"line":18,"column":4},"end":{"line":18,"column":30}},"8":{"start":{"line":19,"column":4},"end":{"line":19,"column":69}},"9":{"start":{"line":19,"column":35},"end":{"line":19,"column":67}},"10":{"start":{"line":23,"column":4},"end":{"line":23,"column":41}},"11":{"start":{"line":24,"column":4},"end":{"line":24,"column":36}},"12":{"start":{"line":26,"column":4},"end":{"line":26,"column":93}},"13":{"start":{"line":27,"column":4},"end":{"line":28,"column":73}},"14":{"start":{"line":30,"column":4},"end":{"line":30,"column":27}},"15":{"start":{"line":33,"column":0},"end":{"line":40,"column":2}},"16":{"start":{"line":34,"column":4},"end":{"line":34,"column":32}},"17":{"start":{"line":35,"column":4},"end":{"line":35,"column":29}},"18":{"start":{"line":37,"column":4},"end":{"line":39,"column":5}},"19":{"start":{"line":38,"column":8},"end":{"line":38,"column":33}}},"fnMap":{"0":{"name":"(anonymous_0)","decl":{"start":{"line":9,"column":17},"end":{"line":9,"column":18}},"loc":{"start":{"line":9,"column":29},"end":{"line":31,"column":1}},"line":9},"1":{"name":"(anonymous_1)","decl":{"start":{"line":19,"column":22},"end":{"line":19,"column":23}},"loc":{"start":{"line":19,"column":35},"end":{"line":19,"column":67}},"line":19},"2":{"name":"(anonymous_2)","decl":{"start":{"line":33,"column":26},"end":{"line":33,"column":27}},"loc":{"start":{"line":33,"column":38},"end":{"line":40,"column":1}},"line":33}},"branchMap":{"0":{"loc":{"start":{"line":26,"column":38},"end":{"line":26,"column":92}},"type":"binary-expr","locations":[{"start":{"line":26,"column":38},"end":{"line":26,"column":69}},{"start":{"line":26,"column":73},"end":{"line":26,"column":92}}],"line":26},"1":{"loc":{"start":{"line":28,"column":8},"end":{"line":28,"column":72}},"type":"binary-expr","locations":[{"start":{"line":28,"column":8},"end":{"line":28,"column":45}},{"start":{"line":28,"column":49},"end":{"line":28,"column":72}}],"line":28},"2":{"loc":{"start":{"line":37,"column":4},"end":{"line":39,"column":5}},"type":"if","locations":[{"start":{"line":37,"column":4},"end":{"line":39,"column":5}},{"start":{},"end":{}}],"line":37}},"s":{"0":4,"1":4,"2":4,"3":4,"4":4,"5":4,"6":4,"7":4,"8":4,"9":4,"10":4,"11":4,"12":4,"13":4,"14":4,"15":4,"16":4,"17":4,"18":4,"19":4},"f":{"0":4,"1":4,"2":4},"b":{"0":[4,0],"1":[4,0],"2":[4,0]},"_coverageSchema":"1a1c01bbd47fc00a2c39e90264f33305004495a9","hash":"59061683606e52173504b45a79d05e8ba3e0cc44"}
}
