TN:
SF:logger.js
FN:5,(anonymous_0)
FNF:1
FNH:1
FNDA:219,(anonymous_0)
DA:2,87
DA:3,87
DA:5,87
DA:6,219
DA:9,87
DA:21,87
LF:6
LH:6
BRDA:6,0,0,13
BRDA:6,0,1,206
BRF:2
BRH:2
end_of_record
TN:
SF:src/config/db.js
FN:4,connectDB
FNF:1
FNH:1
FNDA:2,connectDB
DA:1,1
DA:2,1
DA:5,2
DA:6,2
DA:7,1
DA:9,1
DA:10,1
DA:14,1
LF:8
LH:8
BRF:0
BRH:0
end_of_record
TN:
SF:src/config/redis.js
FN:12,(anonymous_0)
FN:30,(anonymous_1)
FN:32,(anonymous_2)
FNF:3
FNH:2
FNDA:1,(anonymous_0)
FNDA:0,(anonymous_1)
FNDA:1,(anonymous_2)
DA:2,21
DA:9,21
DA:12,21
DA:14,21
DA:16,20
DA:17,20
DA:18,20
DA:21,1
DA:22,1
DA:30,1
DA:32,1
DA:33,1
DA:34,1
DA:35,1
DA:40,21
LF:15
LH:15
BRDA:14,0,0,20
BRDA:14,0,1,1
BRDA:24,1,0,1
BRDA:24,1,1,0
BRDA:25,2,0,1
BRDA:25,2,1,0
BRDA:27,3,0,1
BRDA:27,3,1,0
BRDA:33,4,0,1
BRDA:33,4,1,0
BRF:10
BRH:6
end_of_record
TN:
SF:src/controllers/authController.js
FN:6,(anonymous_0)
FN:38,(anonymous_1)
FNF:2
FNH:2
FNDA:5,(anonymous_0)
FNDA:5,(anonymous_1)
DA:2,2
DA:3,2
DA:5,2
DA:7,5
DA:8,5
DA:9,5
DA:10,5
DA:11,2
DA:12,2
DA:17,3
DA:21,2
DA:24,2
DA:26,1
DA:29,1
DA:30,1
DA:34,0
DA:39,5
DA:40,5
DA:41,5
DA:42,5
DA:43,2
DA:44,2
DA:47,3
DA:48,2
DA:50,1
DA:52,1
DA:53,1
DA:56,0
LF:28
LH:26
BRDA:10,0,0,2
BRDA:10,0,1,3
BRDA:10,1,0,5
BRDA:10,1,1,3
BRDA:29,2,0,1
BRDA:29,2,1,0
BRDA:42,3,0,2
BRDA:42,3,1,3
BRDA:52,4,0,1
BRDA:52,4,1,0
BRF:10
BRH:8
end_of_record
TN:
SF:src/controllers/credentialsController.js
FN:6,(anonymous_0)
FN:22,(anonymous_1)
FN:44,(anonymous_2)
FN:65,(anonymous_3)
FN:86,(anonymous_4)
FN:107,(anonymous_5)
FNF:6
FNH:6
FNDA:1,(anonymous_0)
FNDA:1,(anonymous_1)
FNDA:1,(anonymous_2)
FNDA:2,(anonymous_3)
FNDA:2,(anonymous_4)
FNDA:2,(anonymous_5)
DA:2,3
DA:3,3
DA:5,3
DA:7,1
DA:8,1
DA:9,1
DA:11,0
DA:15,0
DA:16,0
DA:18,0
DA:23,1
DA:24,1
DA:25,1
DA:26,1
DA:30,0
DA:31,0
DA:33,0
DA:37,0
DA:38,0
DA:40,0
DA:45,1
DA:46,1
DA:47,1
DA:48,0
DA:51,1
DA:52,0
DA:54,1
DA:58,1
DA:59,1
DA:61,0
DA:66,2
DA:67,2
DA:68,2
DA:69,1
DA:72,1
DA:73,1
DA:75,0
DA:79,0
DA:80,0
DA:82,0
DA:87,2
DA:88,2
DA:89,2
DA:90,1
DA:93,1
DA:94,1
DA:96,0
DA:100,0
DA:101,0
DA:103,0
DA:108,2
DA:109,2
DA:110,2
DA:111,1
DA:115,1
DA:116,1
DA:118,0
DA:122,0
DA:123,0
DA:125,0
LF:60
LH:35
BRDA:15,0,0,0
BRDA:15,0,1,0
BRDA:25,1,0,1
BRDA:25,1,1,0
BRDA:37,2,0,0
BRDA:37,2,1,0
BRDA:47,3,0,0
BRDA:47,3,1,1
BRDA:58,4,0,1
BRDA:58,4,1,0
BRDA:68,5,0,1
BRDA:68,5,1,1
BRDA:79,6,0,0
BRDA:79,6,1,0
BRDA:89,7,0,1
BRDA:89,7,1,1
BRDA:100,8,0,0
BRDA:100,8,1,0
BRDA:110,9,0,1
BRDA:110,9,1,1
BRDA:122,10,0,0
BRDA:122,10,1,0
BRF:22
BRH:9
end_of_record
TN:
SF:src/controllers/didController.js
FN:7,(anonymous_0)
FNF:1
FNH:1
FNDA:2,(anonymous_0)
DA:2,2
DA:3,2
DA:4,2
DA:6,2
DA:8,2
DA:9,2
DA:12,2
DA:13,2
DA:16,2
DA:19,2
DA:21,0
DA:22,0
DA:23,0
DA:25,0
LF:14
LH:10
BRDA:22,0,0,0
BRDA:22,0,1,0
BRF:2
BRH:0
end_of_record
TN:
SF:src/controllers/issuanceController.js
FN:6,(anonymous_0)
FN:24,(anonymous_1)
FN:41,(anonymous_2)
FN:57,(anonymous_3)
FNF:4
FNH:4
FNDA:3,(anonymous_0)
FNDA:1,(anonymous_1)
FNDA:1,(anonymous_2)
FNDA:2,(anonymous_3)
DA:2,3
DA:3,3
DA:5,3
DA:7,3
DA:8,3
DA:9,3
DA:10,3
DA:11,1
DA:13,2
DA:14,2
DA:16,0
DA:17,0
DA:18,0
DA:20,0
DA:25,1
DA:26,1
DA:27,1
DA:28,1
DA:29,1
DA:33,0
DA:34,0
DA:35,0
DA:37,0
DA:42,1
DA:43,1
DA:44,1
DA:46,1
DA:47,1
DA:49,0
DA:50,0
DA:51,0
DA:53,0
DA:58,2
DA:59,2
DA:60,2
DA:61,2
DA:62,1
DA:64,1
DA:65,1
DA:67,0
DA:68,0
DA:69,0
DA:71,0
LF:43
LH:27
BRDA:10,0,0,1
BRDA:10,0,1,2
BRDA:17,1,0,0
BRDA:17,1,1,0
BRDA:34,2,0,0
BRDA:34,2,1,0
BRDA:50,3,0,0
BRDA:50,3,1,0
BRDA:61,4,0,1
BRDA:61,4,1,1
BRDA:68,5,0,0
BRDA:68,5,1,0
BRF:12
BRH:4
end_of_record
TN:
SF:src/controllers/offerController.js
FN:6,(anonymous_0)
FNF:1
FNH:1
FNDA:2,(anonymous_0)
DA:2,2
DA:3,2
DA:5,2
DA:7,2
DA:8,2
DA:9,2
DA:11,2
DA:12,1
DA:15,1
DA:16,1
DA:18,0
DA:23,0
DA:24,0
DA:26,0
LF:14
LH:10
BRDA:11,0,0,1
BRDA:11,0,1,1
BRDA:11,1,0,2
BRDA:11,1,1,1
BRDA:23,2,0,0
BRDA:23,2,1,0
BRF:6
BRH:4
end_of_record
TN:
SF:src/controllers/pingController.js
FN:2,(anonymous_0)
FNF:1
FNH:1
FNDA:1,(anonymous_0)
DA:2,2
DA:3,1
LF:2
LH:2
BRF:0
BRH:0
end_of_record
TN:
SF:src/controllers/presentationController.js
FN:10,(anonymous_0)
FN:39,(anonymous_1)
FN:70,(anonymous_2)
FNF:3
FNH:3
FNDA:4,(anonymous_0)
FNDA:4,(anonymous_1)
FNDA:4,(anonymous_2)
DA:2,2
DA:7,2
DA:9,2
DA:11,4
DA:12,4
DA:13,4
DA:14,2
DA:19,2
DA:22,2
DA:23,2
DA:26,2
DA:28,0
DA:32,0
DA:33,0
DA:35,0
DA:40,4
DA:41,4
DA:42,4
DA:43,2
DA:48,2
DA:51,2
DA:54,2
DA:57,2
DA:59,0
DA:63,0
DA:64,0
DA:66,0
DA:71,4
DA:73,4
DA:74,4
DA:75,2
DA:82,2
DA:85,2
DA:91,2
DA:94,2
DA:96,0
DA:100,0
DA:101,0
DA:103,0
LF:39
LH:27
BRDA:13,0,0,2
BRDA:13,0,1,2
BRDA:32,1,0,0
BRDA:32,1,1,0
BRDA:42,2,0,2
BRDA:42,2,1,2
BRDA:63,3,0,0
BRDA:63,3,1,0
BRDA:74,4,0,2
BRDA:74,4,1,2
BRDA:74,5,0,4
BRDA:74,5,1,2
BRDA:74,5,2,2
BRDA:100,6,0,0
BRDA:100,6,1,0
BRF:15
BRH:9
end_of_record
TN:
SF:src/controllers/revocationController.js
FN:6,(anonymous_0)
FNF:1
FNH:1
FNDA:4,(anonymous_0)
DA:2,2
DA:3,2
DA:5,2
DA:7,4
DA:8,4
DA:9,4
DA:10,4
DA:11,1
DA:14,3
DA:16,2
DA:18,1
DA:19,1
DA:20,1
DA:22,0
LF:14
LH:13
BRDA:10,0,0,1
BRDA:10,0,1,3
BRDA:19,1,0,1
BRDA:19,1,1,0
BRF:4
BRH:3
end_of_record
TN:
SF:src/controllers/userController.js
FN:6,(anonymous_0)
FNF:1
FNH:1
FNDA:5,(anonymous_0)
DA:2,2
DA:3,2
DA:5,2
DA:7,5
DA:8,5
DA:9,5
DA:10,1
DA:13,4
DA:14,4
DA:15,2
DA:18,2
DA:19,2
DA:21,0
DA:22,0
DA:23,0
DA:25,0
LF:16
LH:12
BRDA:9,0,0,1
BRDA:9,0,1,4
BRDA:14,1,0,2
BRDA:14,1,1,2
BRDA:22,2,0,0
BRDA:22,2,1,0
BRF:6
BRH:4
end_of_record
TN:
SF:src/controllers/userInfoController.js
FN:6,(anonymous_0)
FNF:1
FNH:1
FNDA:2,(anonymous_0)
DA:2,2
DA:3,2
DA:5,2
DA:7,2
DA:8,2
DA:9,2
DA:10,1
DA:12,1
DA:16,1
DA:17,1
DA:19,0
LF:11
LH:10
BRDA:16,0,0,1
BRDA:16,0,1,0
BRF:2
BRH:1
end_of_record
TN:
SF:src/controllers/verificationController.js
FN:7,(anonymous_0)
FN:31,(anonymous_1)
FN:53,(anonymous_2)
FN:75,(anonymous_3)
FN:100,(anonymous_4)
FN:121,(anonymous_5)
FN:151,(anonymous_6)
FNF:7
FNH:7
FNDA:2,(anonymous_0)
FNDA:1,(anonymous_1)
FNDA:1,(anonymous_2)
FNDA:1,(anonymous_3)
FNDA:1,(anonymous_4)
FNDA:1,(anonymous_5)
FNDA:3,(anonymous_6)
DA:2,4
DA:3,4
DA:5,4
DA:8,2
DA:9,2
DA:10,2
DA:14,2
DA:19,0
DA:23,0
DA:24,0
DA:26,0
DA:32,1
DA:33,1
DA:37,1
DA:39,1
DA:41,0
DA:45,0
DA:46,0
DA:48,0
DA:54,1
DA:55,1
DA:56,1
DA:58,1
DA:63,0
DA:67,0
DA:68,0
DA:70,0
DA:76,1
DA:77,1
DA:78,1
DA:79,1
DA:80,1
DA:84,1
DA:88,0
DA:92,0
DA:93,0
DA:95,0
DA:101,1
DA:102,1
DA:103,1
DA:104,1
DA:105,1
DA:109,0
DA:113,0
DA:114,0
DA:116,0
DA:122,1
DA:123,1
DA:126,1
DA:127,1
DA:133,1
DA:134,1
DA:139,0
DA:143,0
DA:144,0
DA:146,0
DA:152,3
DA:153,3
DA:154,3
DA:156,3
DA:157,1
DA:159,2
DA:163,2
DA:164,2
DA:166,0
LF:65
LH:40
BRDA:23,0,0,0
BRDA:23,0,1,0
BRDA:45,1,0,0
BRDA:45,1,1,0
BRDA:67,2,0,0
BRDA:67,2,1,0
BRDA:92,3,0,0
BRDA:92,3,1,0
BRDA:113,4,0,0
BRDA:113,4,1,0
BRDA:143,5,0,0
BRDA:143,5,1,0
BRDA:163,6,0,2
BRDA:163,6,1,0
BRF:14
BRH:1
end_of_record
TN:
SF:src/middleware/authMiddleware.js
FN:9,authMiddleware
FNF:1
FNH:1
FNDA:3,authMiddleware
DA:2,1
DA:9,1
DA:10,3
DA:12,3
DA:13,1
DA:16,2
DA:17,2
DA:18,1
DA:19,1
DA:21,1
LF:10
LH:10
BRDA:10,0,0,3
BRDA:10,0,1,3
BRDA:12,1,0,1
BRDA:12,1,1,2
BRF:4
BRH:4
end_of_record
TN:
SF:src/middleware/corsConfig.js
FNF:0
FNH:0
DA:2,1
DA:5,1
DA:9,1
LF:3
LH:3
BRDA:5,0,0,0
BRDA:5,0,1,1
BRF:2
BRH:1
end_of_record
TN:
SF:src/middleware/errorHandler.js
FN:5,(anonymous_0)
FN:33,(anonymous_1)
FNF:2
FNH:2
FNDA:8,(anonymous_0)
FNDA:1,(anonymous_1)
DA:3,3
DA:5,3
DA:9,8
DA:10,8
DA:11,8
DA:12,8
DA:13,8
DA:19,8
DA:20,8
DA:21,8
DA:26,8
DA:28,1
DA:30,1
DA:33,1
DA:35,1
DA:36,7
DA:38,1
DA:39,1
DA:40,1
DA:41,6
DA:43,1
DA:44,1
DA:45,1
DA:46,1
DA:53,8
DA:55,1
DA:57,1
DA:58,1
DA:64,8
DA:65,1
DA:66,1
DA:67,1
DA:68,7
DA:69,1
DA:70,1
DA:71,1
DA:80,8
DA:81,2
DA:83,8
DA:85,1
DA:91,8
DA:92,8
DA:93,8
DA:95,8
DA:96,7
DA:98,8
DA:105,8
LF:47
LH:47
BRDA:19,0,0,8
BRDA:19,0,1,6
BRDA:20,1,0,8
BRDA:20,1,1,2
BRDA:26,2,0,1
BRDA:26,2,1,7
BRDA:36,3,0,1
BRDA:36,3,1,6
BRDA:41,4,0,1
BRDA:41,4,1,5
BRDA:41,5,0,6
BRDA:41,5,1,2
BRDA:53,6,0,1
BRDA:53,6,1,7
BRDA:56,7,0,1
BRDA:56,7,1,0
BRDA:56,8,0,1
BRDA:56,8,1,1
BRDA:64,9,0,1
BRDA:64,9,1,7
BRDA:68,10,0,1
BRDA:68,10,1,6
BRDA:80,11,0,2
BRDA:80,11,1,6
BRDA:83,12,0,1
BRDA:83,12,1,7
BRDA:83,13,0,8
BRDA:83,13,1,2
BRDA:95,14,0,7
BRDA:95,14,1,1
BRDA:109,15,0,8
BRDA:109,15,1,7
BRF:32
BRH:31
end_of_record
TN:
SF:src/middleware/rateLimiter.js
FNF:0
FNH:0
DA:2,2
DA:4,2
DA:14,2
LF:3
LH:3
BRF:0
BRH:0
end_of_record
TN:
SF:src/middleware/requestLogger.js
FN:2,(anonymous_0)
FNF:1
FNH:1
FNDA:1,(anonymous_0)
DA:2,1
DA:3,1
DA:6,1
DA:7,1
DA:11,1
LF:5
LH:5
BRDA:9,0,0,0
BRDA:9,0,1,1
BRF:2
BRH:1
end_of_record
TN:
SF:src/models/RevokedCredential.js
FNF:0
FNH:0
DA:1,14
DA:3,14
DA:7,14
LF:3
LH:3
BRF:0
BRH:0
end_of_record
TN:
SF:src/models/User.js
FNF:0
FNH:0
DA:3,28
DA:4,28
DA:6,28
DA:26,28
DA:27,28
DA:29,28
DA:30,28
DA:32,28
DA:38,28
LF:9
LH:9
BRF:0
BRH:0
end_of_record
TN:
SF:src/routes/authRoutes.js
FNF:0
FNH:0
DA:2,1
DA:3,1
DA:4,1
DA:5,1
DA:7,1
DA:8,1
DA:10,1
LF:7
LH:7
BRF:0
BRH:0
end_of_record
TN:
SF:src/routes/didRoutes.js
FNF:0
FNH:0
DA:2,1
DA:3,1
DA:5,1
DA:7,1
DA:9,1
LF:5
LH:5
BRF:0
BRH:0
end_of_record
TN:
SF:src/routes/issuanceRoutes.js
FNF:0
FNH:0
DA:1,1
DA:2,1
DA:8,1
DA:11,1
DA:14,1
DA:17,1
DA:20,1
DA:22,1
LF:8
LH:8
BRF:0
BRH:0
end_of_record
TN:
SF:src/routes/revocationRoutes.js
FNF:0
FNH:0
DA:2,1
DA:3,1
DA:4,1
DA:6,1
DA:8,1
LF:5
LH:5
BRF:0
BRH:0
end_of_record
TN:
SF:src/routes/userRoutes.js
FNF:0
FNH:0
DA:2,1
DA:3,1
DA:4,1
DA:6,1
DA:8,1
LF:5
LH:5
BRF:0
BRH:0
end_of_record
TN:
SF:src/routes/verificationRoutes.js
FNF:0
FNH:0
DA:2,2
DA:3,2
DA:12,2
DA:14,2
DA:15,2
DA:16,2
DA:17,2
DA:18,2
DA:19,2
DA:20,2
DA:22,2
LF:11
LH:11
BRF:0
BRH:0
end_of_record
TN:
SF:src/routes/walletRoutes.js
FNF:0
FNH:0
DA:2,1
DA:3,1
DA:11,1
DA:12,1
DA:17,1
DA:18,1
DA:20,1
DA:23,1
DA:26,1
DA:29,1
DA:30,1
DA:31,1
DA:34,1
DA:37,1
DA:38,1
DA:41,1
DA:44,1
DA:45,1
DA:46,1
DA:48,1
LF:20
LH:20
BRF:0
BRH:0
end_of_record
TN:
SF:src/services/HolderSessionManager.js
FN:18,(anonymous_0)
FN:25,(anonymous_1)
FN:63,(anonymous_2)
FN:89,(anonymous_3)
FN:104,(anonymous_4)
FN:125,(anonymous_5)
FN:128,(anonymous_6)
FN:141,(anonymous_7)
FN:145,(anonymous_8)
FNF:9
FNH:7
FNDA:39,(anonymous_0)
FNDA:2,(anonymous_1)
FNDA:2,(anonymous_2)
FNDA:2,(anonymous_3)
FNDA:6,(anonymous_4)
FNDA:1,(anonymous_5)
FNDA:0,(anonymous_6)
FNDA:0,(anonymous_7)
FNDA:1,(anonymous_8)
DA:1,39
DA:2,39
DA:3,39
DA:7,39
DA:8,39
DA:9,39
DA:10,39
DA:12,39
DA:13,39
DA:15,39
DA:16,39
DA:19,39
DA:20,39
DA:22,39
DA:26,2
DA:27,2
DA:29,2
DA:34,2
DA:40,2
DA:41,2
DA:42,2
DA:48,2
DA:49,2
DA:50,2
DA:51,2
DA:52,2
DA:54,0
DA:55,0
DA:58,0
DA:59,0
DA:64,2
DA:66,2
DA:67,2
DA:73,2
DA:78,2
DA:79,2
DA:80,2
DA:82,0
DA:84,2
DA:90,2
DA:91,2
DA:92,2
DA:93,0
DA:95,2
DA:96,2
DA:99,0
DA:100,0
DA:105,6
DA:106,2
DA:107,2
DA:110,4
DA:111,4
DA:113,4
DA:114,1
DA:115,1
DA:116,0
DA:117,0
DA:120,1
DA:121,1
DA:126,1
DA:129,0
DA:130,0
DA:131,0
DA:134,1
DA:135,1
DA:138,3
DA:142,0
DA:146,1
DA:150,39
LF:69
LH:55
BRDA:19,0,0,39
BRDA:19,0,1,0
BRDA:48,1,0,2
BRDA:48,1,1,0
BRDA:48,2,0,2
BRDA:48,2,1,2
BRDA:66,3,0,2
BRDA:66,3,1,0
BRDA:79,4,0,2
BRDA:79,4,1,0
BRDA:79,5,0,2
BRDA:79,5,1,2
BRDA:92,6,0,0
BRDA:92,6,1,2
BRDA:92,7,0,2
BRDA:92,7,1,2
BRDA:105,8,0,2
BRDA:105,8,1,4
BRDA:113,9,0,1
BRDA:113,9,1,3
BRDA:113,10,0,4
BRDA:113,10,1,1
BRDA:115,11,0,0
BRDA:115,11,1,1
BRF:24
BRH:18
end_of_record
TN:
SF:src/services/authService.js
FN:37,(anonymous_0)
FN:75,(anonymous_1)
FN:183,(anonymous_2)
FN:211,(anonymous_3)
FNF:4
FNH:0
FNDA:0,(anonymous_0)
FNDA:0,(anonymous_1)
FNDA:0,(anonymous_2)
FNDA:0,(anonymous_3)
DA:2,2
DA:3,2
DA:4,2
DA:5,2
DA:6,2
DA:7,2
DA:8,2
DA:11,2
DA:18,2
DA:19,2
DA:27,2
DA:38,0
DA:43,0
DA:44,0
DA:49,0
DA:50,0
DA:51,0
DA:52,0
DA:53,0
DA:55,0
DA:58,0
DA:59,0
DA:64,0
DA:65,0
DA:66,0
DA:67,0
DA:68,0
DA:69,0
DA:73,0
DA:74,0
DA:76,0
DA:80,0
DA:81,0
DA:82,0
DA:84,0
DA:87,0
DA:88,0
DA:96,0
DA:104,0
DA:107,0
DA:112,0
DA:113,0
DA:116,0
DA:123,0
DA:126,0
DA:128,0
DA:129,0
DA:134,0
DA:137,0
DA:141,0
DA:142,0
DA:145,0
DA:146,0
DA:149,0
DA:151,0
DA:156,0
DA:157,0
DA:161,0
DA:167,0
DA:172,0
DA:184,0
DA:188,0
DA:189,0
DA:191,0
DA:192,0
DA:195,0
DA:196,0
DA:197,0
DA:198,0
DA:201,0
DA:202,0
DA:203,0
DA:207,0
DA:211,0
DA:212,0
DA:213,0
DA:214,0
DA:216,0
LF:78
LH:11
BRDA:51,0,0,0
BRDA:51,0,1,0
BRDA:66,1,0,0
BRDA:66,1,1,0
BRDA:66,1,2,0
BRDA:67,2,0,0
BRDA:67,2,1,0
BRDA:76,3,0,0
BRDA:76,3,1,0
BRDA:76,3,2,0
BRDA:80,4,0,0
BRDA:80,4,1,0
BRDA:145,5,0,0
BRDA:145,5,1,0
BRDA:145,6,0,0
BRDA:145,6,1,0
BRDA:196,7,0,0
BRDA:196,7,1,0
BRDA:201,8,0,0
BRDA:201,8,1,0
BRF:20
BRH:0
end_of_record
TN:
SF:src/services/credentialsService.js
FN:13,listCredentials
FN:41,getCredentialById
FN:66,deleteCredential
FN:93,acceptCredential
FN:119,rejectCredential
FN:145,getCredentialStatus
FNF:6
FNH:6
FNDA:1,listCredentials
FNDA:3,getCredentialById
FNDA:2,deleteCredential
FNDA:1,acceptCredential
FNDA:1,rejectCredential
FNDA:2,getCredentialStatus
DA:2,4
DA:3,4
DA:4,4
DA:14,1
DA:16,1
DA:17,1
DA:20,1
DA:26,1
DA:29,1
DA:30,1
DA:31,1
DA:33,0
DA:37,0
DA:42,3
DA:44,3
DA:45,3
DA:48,3
DA:54,3
DA:55,3
DA:56,2
DA:58,2
DA:62,2
DA:67,2
DA:69,2
DA:70,2
DA:73,2
DA:79,2
DA:80,2
DA:81,1
DA:85,1
DA:89,1
DA:94,1
DA:96,1
DA:97,1
DA:100,1
DA:106,1
DA:107,1
DA:109,1
DA:111,0
DA:115,0
DA:120,1
DA:122,1
DA:123,1
DA:126,1
DA:132,1
DA:133,1
DA:135,1
DA:137,0
DA:141,0
DA:146,2
DA:148,2
DA:149,2
DA:152,2
DA:158,2
DA:159,2
DA:162,2
DA:164,0
DA:168,0
DA:172,4
LF:59
LH:51
BRDA:162,0,0,1
BRDA:162,0,1,1
BRF:2
BRH:2
end_of_record
TN:
SF:src/services/issuanceService.js
FN:23,(anonymous_0)
FN:174,(anonymous_1)
FN:194,(anonymous_2)
FN:210,(anonymous_3)
FNF:4
FNH:2
FNDA:4,(anonymous_0)
FNDA:0,(anonymous_1)
FNDA:0,(anonymous_2)
FNDA:2,(anonymous_3)
DA:2,5
DA:3,5
DA:6,5
DA:7,5
DA:8,5
DA:11,5
DA:12,5
DA:15,5
DA:17,5
DA:25,4
DA:26,4
DA:27,1
DA:28,1
DA:29,1
DA:32,3
DA:33,3
DA:34,1
DA:37,1
DA:38,1
DA:42,2
DA:51,2
DA:54,2
DA:55,2
DA:57,2
DA:101,2
DA:102,2
DA:103,1
DA:104,1
DA:105,1
DA:109,2
DA:110,2
DA:113,2
DA:114,2
DA:124,2
DA:126,2
DA:141,2
DA:152,2
DA:157,2
DA:158,2
DA:159,2
DA:161,2
DA:164,2
DA:175,0
DA:176,0
DA:177,0
DA:178,0
DA:179,0
DA:183,0
DA:184,0
DA:186,0
DA:195,0
DA:196,0
DA:197,0
DA:198,0
DA:199,0
DA:202,0
DA:211,2
DA:212,2
DA:213,0
DA:214,0
DA:215,0
DA:218,2
DA:219,2
DA:220,1
DA:221,1
DA:222,1
DA:226,1
DA:227,1
DA:228,1
DA:229,0
DA:232,0
DA:233,0
DA:237,1
DA:238,1
DA:239,0
DA:240,0
DA:241,0
DA:243,1
DA:246,1
DA:247,1
DA:250,1
DA:257,1
DA:262,1
DA:263,1
DA:265,1
LF:85
LH:62
BRDA:26,0,0,1
BRDA:26,0,1,3
BRDA:26,1,0,4
BRDA:26,1,1,3
BRDA:33,2,0,1
BRDA:33,2,1,2
BRDA:42,3,0,2
BRDA:42,3,1,2
BRDA:51,4,0,2
BRDA:51,4,1,2
BRDA:85,5,0,2
BRDA:85,5,1,2
BRDA:86,6,0,2
BRDA:86,6,1,2
BRDA:87,7,0,2
BRDA:87,7,1,0
BRDA:88,8,0,2
BRDA:88,8,1,2
BRDA:102,9,0,1
BRDA:102,9,1,1
BRDA:157,10,0,2
BRDA:157,10,1,1
BRDA:176,11,0,0
BRDA:176,11,1,0
BRDA:196,12,0,0
BRDA:196,12,1,0
BRDA:202,13,0,0
BRDA:202,13,1,0
BRDA:212,14,0,0
BRDA:212,14,1,2
BRDA:219,15,0,1
BRDA:219,15,1,1
BRDA:228,16,0,0
BRDA:228,16,1,1
BRDA:228,17,0,1
BRDA:228,17,1,1
BRDA:238,18,0,0
BRDA:238,18,1,1
BRDA:238,19,0,1
BRDA:238,19,1,1
BRF:40
BRH:30
end_of_record
TN:
SF:src/services/offerService.js
FN:14,useCredentialOffer
FNF:1
FNH:1
FNDA:4,useCredentialOffer
DA:2,3
DA:3,3
DA:4,3
DA:15,4
DA:16,4
DA:17,2
DA:18,2
DA:19,2
DA:23,2
DA:24,2
DA:27,2
DA:34,2
DA:36,2
DA:39,2
DA:42,1
DA:45,3
LF:16
LH:16
BRDA:16,0,0,2
BRDA:16,0,1,2
BRDA:16,1,0,4
BRDA:16,1,1,3
BRF:4
BRH:4
end_of_record
TN:
SF:src/services/presentationService.js
FN:5,resolvePresentationRequest
FN:20,matchCredentialsForPresentation
FN:35,usePresentationRequest
FN:58,getOrSelectDidSomewhere
FNF:4
FNH:4
FNDA:1,resolvePresentationRequest
FNDA:1,matchCredentialsForPresentation
FNDA:1,usePresentationRequest
FNDA:2,getOrSelectDidSomewhere
DA:1,17
DA:2,17
DA:3,17
DA:6,1
DA:7,1
DA:8,1
DA:15,1
DA:16,1
DA:17,1
DA:21,1
DA:22,1
DA:23,1
DA:30,1
DA:31,1
DA:32,1
DA:41,1
DA:42,1
DA:43,1
DA:44,1
DA:46,1
DA:53,1
DA:54,1
DA:55,1
DA:60,2
DA:62,2
DA:64,2
DA:65,0
DA:71,2
DA:72,2
DA:73,1
DA:79,1
DA:80,1
DA:81,0
DA:84,1
DA:87,17
LF:35
LH:33
BRDA:44,0,0,1
BRDA:44,0,1,0
BRDA:64,1,0,0
BRDA:64,1,1,2
BRDA:64,2,0,2
BRDA:64,2,1,2
BRDA:72,3,0,1
BRDA:72,3,1,1
BRDA:72,4,0,2
BRDA:72,4,1,2
BRDA:80,5,0,0
BRDA:80,5,1,1
BRF:12
BRH:9
end_of_record
TN:
SF:src/services/revocationService.js
FN:14,revokeCredential
FNF:1
FNH:1
FNDA:5,revokeCredential
DA:2,4
DA:3,4
DA:4,4
DA:5,4
DA:6,4
DA:15,5
DA:18,5
DA:19,5
DA:20,1
DA:21,1
DA:22,1
DA:25,4
DA:29,4
DA:30,4
DA:34,4
DA:40,4
DA:41,4
DA:44,4
DA:45,4
DA:46,3
DA:49,4
DA:50,4
DA:53,4
DA:54,3
DA:55,3
DA:57,0
DA:58,0
DA:63,0
DA:70,1
DA:76,4
DA:77,3
DA:81,3
DA:82,3
DA:83,1
DA:84,1
DA:86,1
DA:92,1
DA:96,2
DA:104,1
DA:109,4
DA:116,4
LF:41
LH:38
BRDA:19,0,0,1
BRDA:19,0,1,4
BRDA:45,1,0,3
BRDA:45,1,1,1
BRDA:45,2,0,4
BRDA:45,2,1,3
BRDA:53,3,0,3
BRDA:53,3,1,1
BRDA:57,4,0,0
BRDA:57,4,1,0
BRDA:76,5,0,3
BRDA:76,5,1,1
BRF:12
BRH:10
end_of_record
TN:
SF:src/services/userService.js
FN:18,findUserByDni
FN:28,buildUserResponse
FN:49,getHolderUserInfo
FNF:3
FNH:3
FNDA:2,findUserByDni
FNDA:1,buildUserResponse
FNDA:2,getHolderUserInfo
DA:2,6
DA:3,6
DA:4,6
DA:5,6
DA:19,2
DA:20,2
DA:29,1
DA:51,2
DA:52,2
DA:60,2
DA:65,1
DA:68,6
LF:12
LH:12
BRDA:40,0,0,1
BRDA:40,0,1,0
BRF:2
BRH:1
end_of_record
TN:
SF:src/services/verificationService.js
FN:40,createOid4vcVerificationOffer
FN:75,processCommonCallback
FN:118,(anonymous_2)
FN:128,(anonymous_3)
FN:136,(anonymous_4)
FN:179,(anonymous_5)
FN:234,(anonymous_6)
FN:246,(anonymous_7)
FN:250,(anonymous_8)
FN:270,(anonymous_9)
FN:288,(anonymous_10)
FN:307,(anonymous_11)
FNF:12
FNH:10
FNDA:5,createOid4vcVerificationOffer
FNDA:1,processCommonCallback
FNDA:1,(anonymous_2)
FNDA:3,(anonymous_3)
FNDA:1,(anonymous_4)
FNDA:2,(anonymous_5)
FNDA:3,(anonymous_6)
FNDA:1,(anonymous_7)
FNDA:1,(anonymous_8)
FNDA:0,(anonymous_9)
FNDA:0,(anonymous_10)
FNDA:3,(anonymous_11)
DA:3,10
DA:4,10
DA:5,10
DA:6,10
DA:12,10
DA:13,10
DA:14,10
DA:15,10
DA:22,10
DA:23,10
DA:30,10
DA:42,5
DA:45,5
DA:53,5
DA:54,5
DA:57,5
DA:64,5
DA:76,1
DA:77,1
DA:78,0
DA:79,0
DA:80,0
DA:83,1
DA:84,1
DA:86,1
DA:87,0
DA:88,0
DA:91,1
DA:92,1
DA:93,0
DA:94,0
DA:95,0
DA:96,0
DA:97,0
DA:100,1
DA:101,1
DA:102,1
DA:103,0
DA:104,0
DA:105,0
DA:106,0
DA:107,0
DA:110,1
DA:111,0
DA:112,0
DA:113,0
DA:114,0
DA:115,0
DA:118,1
DA:119,1
DA:126,10
DA:129,3
DA:130,1
DA:132,2
DA:137,1
DA:138,0
DA:142,1
DA:143,1
DA:146,1
DA:165,1
DA:171,1
DA:172,1
DA:173,1
DA:175,1
DA:180,2
DA:181,0
DA:185,2
DA:186,2
DA:188,2
DA:207,2
DA:213,2
DA:214,2
DA:215,2
DA:216,2
DA:219,2
DA:220,2
DA:221,2
DA:222,2
DA:223,1
DA:224,1
DA:225,1
DA:226,1
DA:227,1
DA:230,1
DA:231,1
DA:234,3
DA:238,1
DA:247,1
DA:248,1
DA:250,1
DA:251,1
DA:252,0
DA:253,0
DA:254,0
DA:255,0
DA:256,0
DA:259,1
DA:260,1
DA:261,1
DA:262,1
DA:263,1
DA:265,1
DA:266,1
DA:267,1
DA:271,0
DA:272,0
DA:274,0
DA:275,0
DA:276,0
DA:278,0
DA:279,0
DA:280,0
DA:282,0
DA:283,0
DA:284,0
DA:285,0
DA:289,0
DA:290,0
DA:292,0
DA:293,0
DA:294,0
DA:296,0
DA:297,0
DA:298,0
DA:300,0
DA:301,0
DA:302,0
DA:303,0
DA:308,3
DA:309,3
DA:310,1
DA:311,1
DA:312,1
DA:316,2
DA:317,2
DA:318,2
DA:321,2
DA:322,2
DA:323,0
DA:324,0
DA:325,0
DA:341,2
LF:142
LH:88
BRDA:77,0,0,0
BRDA:77,0,1,1
BRDA:84,1,0,1
BRDA:84,1,1,0
BRDA:86,2,0,0
BRDA:86,2,1,1
BRDA:92,3,0,0
BRDA:92,3,1,1
BRDA:102,4,0,0
BRDA:102,4,1,1
BRDA:110,5,0,0
BRDA:110,5,1,1
BRDA:129,6,0,1
BRDA:129,6,1,2
BRDA:129,7,0,3
BRDA:129,7,1,2
BRDA:137,8,0,0
BRDA:137,8,1,1
BRDA:137,9,0,1
BRDA:137,9,1,1
BRDA:137,9,2,1
BRDA:143,10,0,0
BRDA:143,10,1,1
BRDA:143,11,0,1
BRDA:143,11,1,1
BRDA:180,12,0,0
BRDA:180,12,1,2
BRDA:180,13,0,2
BRDA:180,13,1,2
BRDA:180,13,2,2
BRDA:186,14,0,0
BRDA:186,14,1,2
BRDA:186,15,0,2
BRDA:186,15,1,2
BRDA:222,16,0,1
BRDA:222,16,1,1
BRDA:222,17,0,2
BRDA:222,17,1,2
BRDA:248,18,0,0
BRDA:248,18,1,1
BRDA:251,19,0,0
BRDA:251,19,1,1
BRDA:272,20,0,0
BRDA:272,20,1,0
BRDA:290,21,0,0
BRDA:290,21,1,0
BRDA:309,22,0,1
BRDA:309,22,1,2
BRDA:316,23,0,2
BRDA:316,23,1,0
BRDA:316,24,0,2
BRDA:316,24,1,2
BRDA:316,24,2,2
BRDA:322,25,0,0
BRDA:322,25,1,2
BRDA:324,26,0,0
BRDA:324,26,1,0
BRDA:336,27,0,0
BRDA:336,27,1,0
BRDA:343,28,0,2
BRDA:343,28,1,2
BRDA:344,29,0,2
BRDA:344,29,1,2
BRF:63
BRH:41
end_of_record
TN:
SF:src/services/walletService.js
FN:4,getUserInfo
FN:17,listDIDs
FN:32,listCredentials
FN:45,(anonymous_3)
FNF:4
FNH:4
FNDA:1,getUserInfo
FNDA:1,listDIDs
FNDA:1,listCredentials
FNDA:1,(anonymous_3)
DA:1,25
DA:2,25
DA:5,1
DA:6,1
DA:9,1
DA:13,1
DA:14,1
DA:18,1
DA:21,1
DA:24,1
DA:28,1
DA:29,1
DA:33,1
DA:36,1
DA:39,1
DA:43,1
DA:45,1
DA:47,1
DA:50,25
LF:19
LH:19
BRF:0
BRH:0
end_of_record
TN:
SF:src/utils/jwtUtils.js
FN:10,generateTokens
FN:20,verifyAccessToken
FN:24,verifyRefreshToken
FNF:3
FNH:2
FNDA:1,generateTokens
FNDA:1,verifyAccessToken
FNDA:0,verifyRefreshToken
DA:3,14
DA:5,14
DA:6,14
DA:7,14
DA:8,14
DA:11,1
DA:14,1
DA:17,1
DA:21,1
DA:25,0
DA:28,14
LF:11
LH:10
BRDA:7,0,0,14
BRDA:7,0,1,0
BRDA:8,1,0,14
BRDA:8,1,1,0
BRF:4
BRH:2
end_of_record
TN:
SF:src/utils/presentationUtils.js
FN:11,extractPresentationDefinition
FNF:1
FNH:1
FNDA:5,extractPresentationDefinition
DA:13,5
DA:14,2
DA:15,2
DA:16,2
DA:17,1
DA:21,1
DA:25,3
DA:26,3
DA:27,3
DA:31,0
DA:34,13
LF:11
LH:10
BRDA:13,0,0,2
BRDA:13,0,1,3
BRDA:16,1,0,1
BRDA:16,1,1,1
BRDA:25,2,0,3
BRDA:25,2,1,0
BRDA:26,3,0,3
BRDA:26,3,1,0
BRF:8
BRH:6
end_of_record
TN:
SF:src/utils/sessionStore.js
FN:4,setSession
FN:11,getSession
FN:16,deleteSession
FNF:3
FNH:3
FNDA:7,setSession
FNDA:5,getSession
FNDA:1,deleteSession
DA:2,19
DA:6,7
DA:8,7
DA:12,5
DA:13,5
DA:17,1
DA:20,19
LF:7
LH:7
BRDA:13,0,0,3
BRDA:13,0,1,2
BRF:2
BRH:2
end_of_record
TN:
SF:src/utils/validations.js
FN:8,extractUserDataFromDecodedCredentialSubject
FN:44,decodeVC
FN:48,isCredentialRevoked
FN:53,checkCredentialsRevocation
FN:71,findOrCreateOrUpdateUser
FNF:5
FNH:5
FNDA:1,extractUserDataFromDecodedCredentialSubject
FNDA:4,decodeVC
FNDA:4,isCredentialRevoked
FNDA:2,checkCredentialsRevocation
FNDA:2,findOrCreateOrUpdateUser
DA:2,11
DA:3,11
DA:4,11
DA:5,11
DA:9,1
DA:10,1
DA:11,1
DA:12,1
DA:13,1
DA:14,1
DA:15,1
DA:16,1
DA:18,1
DA:19,1
DA:20,1
DA:21,1
DA:22,1
DA:23,1
DA:24,1
DA:25,1
DA:26,1
DA:28,1
DA:31,1
DA:45,4
DA:49,4
DA:50,4
DA:54,2
DA:55,4
DA:56,4
DA:57,0
DA:60,4
DA:62,4
DA:63,0
DA:65,4
DA:66,4
DA:68,1
DA:72,2
DA:73,2
DA:74,1
DA:91,1
DA:92,1
DA:93,1
DA:94,1
DA:95,1
DA:96,1
DA:97,1
DA:99,1
DA:100,0
DA:101,1
DA:102,1
DA:105,2
DA:106,2
DA:109,11
LF:53
LH:50
BRDA:18,0,0,1
BRDA:18,0,1,0
BRDA:19,1,0,1
BRDA:19,1,1,0
BRDA:20,2,0,1
BRDA:20,2,1,0
BRDA:21,3,0,1
BRDA:21,3,1,0
BRDA:22,4,0,1
BRDA:22,4,1,0
BRDA:23,5,0,1
BRDA:23,5,1,0
BRDA:24,6,0,1
BRDA:24,6,1,0
BRDA:25,7,0,1
BRDA:25,7,1,0
BRDA:28,8,0,1
BRDA:28,8,1,0
BRDA:56,9,0,0
BRDA:56,9,1,4
BRDA:60,10,0,4
BRDA:60,10,1,0
BRDA:61,11,0,0
BRDA:61,11,1,0
BRDA:61,12,0,0
BRDA:61,12,1,0
BRDA:62,13,0,0
BRDA:62,13,1,4
BRDA:66,14,0,1
BRDA:66,14,1,3
BRDA:73,15,0,1
BRDA:73,15,1,1
BRDA:82,16,0,1
BRDA:82,16,1,1
BRDA:97,17,0,1
BRDA:97,17,1,1
BRDA:99,18,0,0
BRDA:99,18,1,1
BRDA:101,19,0,1
BRDA:101,19,1,0
BRF:40
BRH:22
end_of_record
TN:
SF:tests/integration/setupTestContainers.js
FN:9,(anonymous_0)
FN:19,(anonymous_1)
FN:33,(anonymous_2)
FNF:3
FNH:3
FNDA:4,(anonymous_0)
FNDA:4,(anonymous_1)
FNDA:4,(anonymous_2)
DA:2,4
DA:3,4
DA:4,4
DA:9,4
DA:11,4
DA:14,4
DA:15,4
DA:18,4
DA:19,4
DA:23,4
DA:24,4
DA:26,4
DA:27,4
DA:30,4
DA:33,4
DA:34,4
DA:35,4
DA:37,4
DA:38,4
LF:19
LH:19
BRDA:26,0,0,4
BRDA:26,0,1,0
BRDA:28,1,0,4
BRDA:28,1,1,0
BRDA:37,2,0,4
BRDA:37,2,1,0
BRF:6
BRH:3
end_of_record
